# JRE version: Java(TM) SE Runtime Environment (8.0_281-b09) (build 1.8.0_281-b09)
# Java VM: Java HotSpot(TM) 64-Bit Server VM (25.281-b09 mixed mode bsd-amd64 compressed oops)
Heap:
 PSYoungGen      total 432128K, used 305869K [0x0000000795580000, 0x00000007ba080000, 0x00000007c0000000)
  eden space 308224K, 61% used [0x0000000795580000,0x00000007a0f5d3d8,0x00000007a8280000)
  from space 123904K, 93% used [0x00000007b0d80000,0x00000007b7e561b8,0x00000007b8680000)
  to   space 142336K, 0% used [0x00000007a8280000,0x00000007a8280000,0x00000007b0d80000)
 ParOldGen       total 469504K, used 358877K [0x0000000740000000, 0x000000075ca80000, 0x0000000795580000)
  object space 469504K, 76% used [0x0000000740000000,0x0000000755e777a0,0x000000075ca80000)
 Metaspace       used 13046K, capacity 13290K, committed 13568K, reserved 1060864K
  class space    used 1451K, capacity 1535K, committed 1536K, reserved 1048576K
GC Heap History (10 events):
Event: 5.081 GC heap before
{Heap before GC invocations=13 (full 3):
 PSYoungGen      total 248320K, used 222203K [0x0000000795580000, 0x00000007afc00000, 0x00000007c0000000)
  eden space 170496K, 100% used [0x0000000795580000,0x000000079fc00000,0x000000079fc00000)
  from space 77824K, 66% used [0x000000079fc00000,0x00000007a2e7ef80,0x00000007a4800000)
  to   space 92672K, 0% used [0x00000007aa180000,0x00000007aa180000,0x00000007afc00000)
 ParOldGen       total 218112K, used 118160K [0x0000000740000000, 0x000000074d500000, 0x0000000795580000)
  object space 218112K, 54% used [0x0000000740000000,0x0000000747364368,0x000000074d500000)
 Metaspace       used 12295K, capacity 12556K, committed 12800K, reserved 1060864K
  class space    used 1440K, capacity 1532K, committed 1536K, reserved 1048576K
Event: 5.140 GC heap after
Heap after GC invocations=13 (full 3):
 PSYoungGen      total 326144K, used 86527K [0x0000000795580000, 0x00000007b1c80000, 0x00000007c0000000)
  eden space 233472K, 0% used [0x0000000795580000,0x0000000795580000,0x00000007a3980000)
  from space 92672K, 93% used [0x00000007aa180000,0x00000007af5fff28,0x00000007afc00000)
  to   space 106496K, 0% used [0x00000007a3980000,0x00000007a3980000,0x00000007aa180000)
 ParOldGen       total 218112K, used 194448K [0x0000000740000000, 0x000000074d500000, 0x0000000795580000)
  object space 218112K, 89% used [0x0000000740000000,0x000000074bde41c8,0x000000074d500000)
 Metaspace       used 12295K, capacity 12556K, committed 12800K, reserved 1060864K
  class space    used 1440K, capacity 1532K, committed 1536K, reserved 1048576K
}
Event: 5.140 GC heap before
{Heap before GC invocations=14 (full 4):
 PSYoungGen      total 326144K, used 86527K [0x0000000795580000, 0x00000007b1c80000, 0x00000007c0000000)
  eden space 233472K, 0% used [0x0000000795580000,0x0000000795580000,0x00000007a3980000)
  from space 92672K, 93% used [0x00000007aa180000,0x00000007af5fff28,0x00000007afc00000)
  to   space 106496K, 0% used [0x00000007a3980000,0x00000007a3980000,0x00000007aa180000)
 ParOldGen       total 218112K, used 194448K [0x0000000740000000, 0x000000074d500000, 0x0000000795580000)
  object space 218112K, 89% used [0x0000000740000000,0x000000074bde41c8,0x000000074d500000)
 Metaspace       used 12295K, capacity 12556K, committed 12800K, reserved 1060864K
  class space    used 1440K, capacity 1532K, committed 1536K, reserved 1048576K
Event: 5.179 GC heap after
Heap after GC invocations=14 (full 4):
 PSYoungGen      total 326144K, used 24581K [0x0000000795580000, 0x00000007b1c80000, 0x00000007c0000000)
  eden space 233472K, 0% used [0x0000000795580000,0x0000000795580000,0x00000007a3980000)
  from space 92672K, 26% used [0x00000007aa180000,0x00000007ab981420,0x00000007afc00000)
  to   space 106496K, 0% used [0x00000007a3980000,0x00000007a3980000,0x00000007aa180000)
 ParOldGen       total 333824K, used 206353K [0x0000000740000000, 0x0000000754600000, 0x0000000795580000)
  object space 333824K, 61% used [0x0000000740000000,0x000000074c984760,0x0000000754600000)
 Metaspace       used 12295K, capacity 12556K, committed 12800K, reserved 1060864K
  class space    used 1440K, capacity 1532K, committed 1536K, reserved 1048576K
}
Event: 5.889 GC heap before
{Heap before GC invocations=15 (full 4):
 PSYoungGen      total 326144K, used 256837K [0x0000000795580000, 0x00000007b1c80000, 0x00000007c0000000)
  eden space 233472K, 99% used [0x0000000795580000,0x00000007a38502e8,0x00000007a3980000)
  from space 92672K, 26% used [0x00000007aa180000,0x00000007ab981420,0x00000007afc00000)
  to   space 106496K, 0% used [0x00000007a3980000,0x00000007a3980000,0x00000007aa180000)
 ParOldGen       total 333824K, used 206353K [0x0000000740000000, 0x0000000754600000, 0x0000000795580000)
  object space 333824K, 61% used [0x0000000740000000,0x000000074c984760,0x0000000754600000)
 Metaspace       used 12332K, capacity 12684K, committed 12800K, reserved 1060864K
  class space    used 1441K, capacity 1532K, committed 1536K, reserved 1048576K
Event: 5.928 GC heap after
Heap after GC invocations=15 (full 4):
 PSYoungGen      total 339968K, used 102489K [0x0000000795580000, 0x00000007b8680000, 0x00000007c0000000)
  eden space 233472K, 0% used [0x0000000795580000,0x0000000795580000,0x00000007a3980000)
  from space 106496K, 96% used [0x00000007a3980000,0x00000007a9d96730,0x00000007aa180000)
  to   space 123904K, 0% used [0x00000007b0d80000,0x00000007b0d80000,0x00000007b8680000)
 ParOldGen       total 333824K, used 273108K [0x0000000740000000, 0x0000000754600000, 0x0000000795580000)
  object space 333824K, 81% used [0x0000000740000000,0x0000000750ab5340,0x0000000754600000)
 Metaspace       used 12332K, capacity 12684K, committed 12800K, reserved 1060864K
  class space    used 1441K, capacity 1532K, committed 1536K, reserved 1048576K
}
Event: 5.928 GC heap before
{Heap before GC invocations=16 (full 5):
 PSYoungGen      total 339968K, used 102489K [0x0000000795580000, 0x00000007b8680000, 0x00000007c0000000)
  eden space 233472K, 0% used [0x0000000795580000,0x0000000795580000,0x00000007a3980000)
  from space 106496K, 96% used [0x00000007a3980000,0x00000007a9d96730,0x00000007aa180000)
  to   space 123904K, 0% used [0x00000007b0d80000,0x00000007b0d80000,0x00000007b8680000)
 ParOldGen       total 333824K, used 273108K [0x0000000740000000, 0x0000000754600000, 0x0000000795580000)
  object space 333824K, 81% used [0x0000000740000000,0x0000000750ab5340,0x0000000754600000)
 Metaspace       used 12332K, capacity 12684K, committed 12800K, reserved 1060864K
  class space    used 1441K, capacity 1532K, committed 1536K, reserved 1048576K
Event: 5.962 GC heap after
Heap after GC invocations=16 (full 5):
 PSYoungGen      total 339968K, used 0K [0x0000000795580000, 0x00000007b8680000, 0x00000007c0000000)
  eden space 233472K, 0% used [0x0000000795580000,0x0000000795580000,0x00000007a3980000)
  from space 106496K, 0% used [0x00000007a3980000,0x00000007a3980000,0x00000007aa180000)
  to   space 123904K, 0% used [0x00000007b0d80000,0x00000007b0d80000,0x00000007b8680000)
 ParOldGen       total 469504K, used 322005K [0x0000000740000000, 0x000000075ca80000, 0x0000000795580000)
  object space 469504K, 68% used [0x0000000740000000,0x0000000753a75770,0x000000075ca80000)
 Metaspace       used 12332K, capacity 12684K, committed 12800K, reserved 1060864K
  class space    used 1441K, capacity 1532K, committed 1536K, reserved 1048576K
}
Event: 125.168 GC heap before
{Heap before GC invocations=17 (full 5):
 PSYoungGen      total 339968K, used 233472K [0x0000000795580000, 0x00000007b8680000, 0x00000007c0000000)
  eden space 233472K, 100% used [0x0000000795580000,0x00000007a3980000,0x00000007a3980000)
  from space 106496K, 0% used [0x00000007a3980000,0x00000007a3980000,0x00000007aa180000)
  to   space 123904K, 0% used [0x00000007b0d80000,0x00000007b0d80000,0x00000007b8680000)
 ParOldGen       total 469504K, used 322005K [0x0000000740000000, 0x000000075ca80000, 0x0000000795580000)
  object space 469504K, 68% used [0x0000000740000000,0x0000000753a75770,0x000000075ca80000)
 Metaspace       used 13046K, capacity 13290K, committed 13568K, reserved 1060864K
  class space    used 1451K, capacity 1535K, committed 1536K, reserved 1048576K
Event: 125.252 GC heap after
Heap after GC invocations=17 (full 5):
 PSYoungGen      total 432128K, used 115544K [0x0000000795580000, 0x00000007ba080000, 0x00000007c0000000)
  eden space 308224K, 0% used [0x0000000795580000,0x0000000795580000,0x00000007a8280000)
  from space 123904K, 93% used [0x00000007b0d80000,0x00000007b7e561b8,0x00000007b8680000)
  to   space 142336K, 0% used [0x00000007a8280000,0x00000007a8280000,0x00000007b0d80000)
 ParOldGen       total 469504K, used 358877K [0x0000000740000000, 0x000000075ca80000, 0x0000000795580000)
  object space 469504K, 76% used [0x0000000740000000,0x0000000755e777a0,0x000000075ca80000)
 Metaspace       used 13046K, capacity 13290K, committed 13568K, reserved 1060864K
  class space    used 1451K, capacity 1535K, committed 1536K, reserved 1048576K
}

