# JRE version: Java(TM) SE Runtime Environment (8.0_281-b09) (build 1.8.0_281-b09)
# Java VM: Java HotSpot(TM) 64-Bit Server VM (25.281-b09 mixed mode bsd-amd64 compressed oops)
Heap:
 PSYoungGen      total 350208K, used 126765K [0x0000000795580000, 0x00000007b7280000, 0x00000007c0000000)
  eden space 257536K, 14% used [0x0000000795580000,0x00000007979d3d58,0x00000007a5100000)
  from space 92672K, 96% used [0x00000007a5100000,0x00000007aa877a98,0x00000007aab80000)
  to   space 109056K, 0% used [0x00000007b0800000,0x00000007b0800000,0x00000007b7280000)
 ParOldGen       total 351744K, used 238482K [0x0000000740000000, 0x0000000755780000, 0x0000000795580000)
  object space 351744K, 67% used [0x0000000740000000,0x000000074e8e4980,0x0000000755780000)
 Metaspace       used 14569K, capacity 14950K, committed 15360K, reserved 1062912K
  class space    used 1556K, capacity 1671K, committed 1792K, reserved 1048576K
GC Heap History (10 events):
Event: 2.790 GC heap before
{Heap before GC invocations=9 (full 3):
 PSYoungGen      total 128512K, used 122921K [0x0000000795580000, 0x00000007a7680000, 0x00000007c0000000)
  eden space 123392K, 99% used [0x0000000795580000,0x000000079cd8a5f8,0x000000079ce00000)
  from space 5120K, 0% used [0x000000079ce00000,0x000000079ce00000,0x000000079d300000)
  to   space 59904K, 0% used [0x00000007a3c00000,0x00000007a3c00000,0x00000007a7680000)
 ParOldGen       total 209920K, used 85554K [0x0000000740000000, 0x000000074cd00000, 0x0000000795580000)
  object space 209920K, 40% used [0x0000000740000000,0x000000074538c978,0x000000074cd00000)
 Metaspace       used 12576K, capacity 12878K, committed 13056K, reserved 1060864K
  class space    used 1430K, capacity 1531K, committed 1536K, reserved 1048576K
Event: 2.801 GC heap after
Heap after GC invocations=9 (full 3):
 PSYoungGen      total 233472K, used 34023K [0x0000000795580000, 0x00000007a8e00000, 0x00000007c0000000)
  eden space 173568K, 0% used [0x0000000795580000,0x0000000795580000,0x000000079ff00000)
  from space 59904K, 56% used [0x00000007a3c00000,0x00000007a5d39d40,0x00000007a7680000)
  to   space 62464K, 0% used [0x000000079ff00000,0x000000079ff00000,0x00000007a3c00000)
 ParOldGen       total 209920K, used 85554K [0x0000000740000000, 0x000000074cd00000, 0x0000000795580000)
  object space 209920K, 40% used [0x0000000740000000,0x000000074538c978,0x000000074cd00000)
 Metaspace       used 12576K, capacity 12878K, committed 13056K, reserved 1060864K
  class space    used 1430K, capacity 1531K, committed 1536K, reserved 1048576K
}
Event: 3.295 GC heap before
{Heap before GC invocations=10 (full 3):
 PSYoungGen      total 233472K, used 206196K [0x0000000795580000, 0x00000007a8e00000, 0x00000007c0000000)
  eden space 173568K, 99% used [0x0000000795580000,0x000000079fda3570,0x000000079ff00000)
  from space 59904K, 56% used [0x00000007a3c00000,0x00000007a5d39d40,0x00000007a7680000)
  to   space 62464K, 0% used [0x000000079ff00000,0x000000079ff00000,0x00000007a3c00000)
 ParOldGen       total 209920K, used 85554K [0x0000000740000000, 0x000000074cd00000, 0x0000000795580000)
  object space 209920K, 40% used [0x0000000740000000,0x000000074538c978,0x000000074cd00000)
 Metaspace       used 12598K, capacity 12878K, committed 13056K, reserved 1060864K
  class space    used 1432K, capacity 1531K, committed 1536K, reserved 1048576K
Event: 3.319 GC heap after
Heap after GC invocations=10 (full 3):
 PSYoungGen      total 236032K, used 61664K [0x0000000795580000, 0x00000007af680000, 0x00000007c0000000)
  eden space 173568K, 0% used [0x0000000795580000,0x0000000795580000,0x000000079ff00000)
  from space 62464K, 98% used [0x000000079ff00000,0x00000007a3b380d0,0x00000007a3c00000)
  to   space 76800K, 0% used [0x00000007aab80000,0x00000007aab80000,0x00000007af680000)
 ParOldGen       total 209920K, used 105134K [0x0000000740000000, 0x000000074cd00000, 0x0000000795580000)
  object space 209920K, 50% used [0x0000000740000000,0x00000007466abac8,0x000000074cd00000)
 Metaspace       used 12598K, capacity 12878K, committed 13056K, reserved 1060864K
  class space    used 1432K, capacity 1531K, committed 1536K, reserved 1048576K
}
Event: 4.695 GC heap before
{Heap before GC invocations=11 (full 3):
 PSYoungGen      total 236032K, used 227595K [0x0000000795580000, 0x00000007af680000, 0x00000007c0000000)
  eden space 173568K, 95% used [0x0000000795580000,0x000000079f78ae40,0x000000079ff00000)
  from space 62464K, 98% used [0x000000079ff00000,0x00000007a3b380d0,0x00000007a3c00000)
  to   space 76800K, 0% used [0x00000007aab80000,0x00000007aab80000,0x00000007af680000)
 ParOldGen       total 209920K, used 105134K [0x0000000740000000, 0x000000074cd00000, 0x0000000795580000)
  object space 209920K, 50% used [0x0000000740000000,0x00000007466abac8,0x000000074cd00000)
 Metaspace       used 13081K, capacity 13388K, committed 13696K, reserved 1060864K
  class space    used 1477K, capacity 1568K, committed 1664K, reserved 1048576K
Event: 4.736 GC heap after
Heap after GC invocations=11 (full 3):
 PSYoungGen      total 334336K, used 76140K [0x0000000795580000, 0x00000007b1100000, 0x00000007c0000000)
  eden space 257536K, 0% used [0x0000000795580000,0x0000000795580000,0x00000007a5100000)
  from space 76800K, 99% used [0x00000007aab80000,0x00000007af5db340,0x00000007af680000)
  to   space 92672K, 0% used [0x00000007a5100000,0x00000007a5100000,0x00000007aab80000)
 ParOldGen       total 209920K, used 176934K [0x0000000740000000, 0x000000074cd00000, 0x0000000795580000)
  object space 209920K, 84% used [0x0000000740000000,0x000000074acc9818,0x000000074cd00000)
 Metaspace       used 13081K, capacity 13388K, committed 13696K, reserved 1060864K
  class space    used 1477K, capacity 1568K, committed 1664K, reserved 1048576K
}
Event: 4.736 GC heap before
{Heap before GC invocations=12 (full 4):
 PSYoungGen      total 334336K, used 76140K [0x0000000795580000, 0x00000007b1100000, 0x00000007c0000000)
  eden space 257536K, 0% used [0x0000000795580000,0x0000000795580000,0x00000007a5100000)
  from space 76800K, 99% used [0x00000007aab80000,0x00000007af5db340,0x00000007af680000)
  to   space 92672K, 0% used [0x00000007a5100000,0x00000007a5100000,0x00000007aab80000)
 ParOldGen       total 209920K, used 176934K [0x0000000740000000, 0x000000074cd00000, 0x0000000795580000)
  object space 209920K, 84% used [0x0000000740000000,0x000000074acc9818,0x000000074cd00000)
 Metaspace       used 13081K, capacity 13388K, committed 13696K, reserved 1060864K
  class space    used 1477K, capacity 1568K, committed 1664K, reserved 1048576K
Event: 4.783 GC heap after
Heap after GC invocations=12 (full 4):
 PSYoungGen      total 334336K, used 27937K [0x0000000795580000, 0x00000007b1100000, 0x00000007c0000000)
  eden space 257536K, 0% used [0x0000000795580000,0x0000000795580000,0x00000007a5100000)
  from space 76800K, 36% used [0x00000007aab80000,0x00000007ac6c85a8,0x00000007af680000)
  to   space 92672K, 0% used [0x00000007a5100000,0x00000007a5100000,0x00000007aab80000)
 ParOldGen       total 351744K, used 202295K [0x0000000740000000, 0x0000000755780000, 0x0000000795580000)
  object space 351744K, 57% used [0x0000000740000000,0x000000074c58dfc8,0x0000000755780000)
 Metaspace       used 13081K, capacity 13388K, committed 13696K, reserved 1060864K
  class space    used 1477K, capacity 1568K, committed 1664K, reserved 1048576K
}
Event: 203.847 GC heap before
{Heap before GC invocations=13 (full 4):
 PSYoungGen      total 334336K, used 285473K [0x0000000795580000, 0x00000007b1100000, 0x00000007c0000000)
  eden space 257536K, 100% used [0x0000000795580000,0x00000007a5100000,0x00000007a5100000)
  from space 76800K, 36% used [0x00000007aab80000,0x00000007ac6c85a8,0x00000007af680000)
  to   space 92672K, 0% used [0x00000007a5100000,0x00000007a5100000,0x00000007aab80000)
 ParOldGen       total 351744K, used 202299K [0x0000000740000000, 0x0000000755780000, 0x0000000795580000)
  object space 351744K, 57% used [0x0000000740000000,0x000000074c58efe0,0x0000000755780000)
 Metaspace       used 14533K, capacity 14886K, committed 15104K, reserved 1062912K
  class space    used 1556K, capacity 1671K, committed 1792K, reserved 1048576K
Event: 203.901 GC heap after
Heap after GC invocations=13 (full 4):
 PSYoungGen      total 350208K, used 89566K [0x0000000795580000, 0x00000007b7280000, 0x00000007c0000000)
  eden space 257536K, 0% used [0x0000000795580000,0x0000000795580000,0x00000007a5100000)
  from space 92672K, 96% used [0x00000007a5100000,0x00000007aa877a98,0x00000007aab80000)
  to   space 109056K, 0% used [0x00000007b0800000,0x00000007b0800000,0x00000007b7280000)
 ParOldGen       total 351744K, used 238482K [0x0000000740000000, 0x0000000755780000, 0x0000000795580000)
  object space 351744K, 67% used [0x0000000740000000,0x000000074e8e4980,0x0000000755780000)
 Metaspace       used 14533K, capacity 14886K, committed 15104K, reserved 1062912K
  class space    used 1556K, capacity 1671K, committed 1792K, reserved 1048576K
}

