# JRE version: Java(TM) SE Runtime Environment (8.0_261-b12) (build 1.8.0_261-b12)
# Java VM: Java HotSpot(TM) 64-Bit Server VM (25.261-b12 mixed mode bsd-amd64 compressed oops)
Heap:
 PSYoungGen      total 449024K, used 156209K [0x0000000795580000, 0x00000007b7480000, 0x00000007c0000000)
  eden space 372736K, 41% used [0x0000000795580000,0x000000079ee0c598,0x00000007ac180000)
  from space 76288K, 0% used [0x00000007b2000000,0x00000007b2000000,0x00000007b6a80000)
  to   space 91648K, 0% used [0x00000007ac180000,0x00000007ac180000,0x00000007b1b00000)
 ParOldGen       total 452608K, used 295656K [0x0000000740000000, 0x000000075ba00000, 0x0000000795580000)
  object space 452608K, 65% used [0x0000000740000000,0x00000007520ba3b8,0x000000075ba00000)
 Metaspace       used 14327K, capacity 14686K, committed 14976K, reserved 1062912K
  class space    used 1523K, capacity 1637K, committed 1664K, reserved 1048576K
GC Heap History (10 events):
Event: 6.032 GC heap before
{Heap before GC invocations=9 (full 3):
 PSYoungGen      total 135680K, used 129737K [0x0000000795580000, 0x00000007aa100000, 0x00000007c0000000)
  eden space 130560K, 99% used [0x0000000795580000,0x000000079d432558,0x000000079d500000)
  from space 5120K, 0% used [0x000000079d500000,0x000000079d500000,0x000000079da00000)
  to   space 56832K, 0% used [0x00000007a6980000,0x00000007a6980000,0x00000007aa100000)
 ParOldGen       total 185856K, used 89013K [0x0000000740000000, 0x000000074b580000, 0x0000000795580000)
  object space 185856K, 47% used [0x0000000740000000,0x00000007456ed5c0,0x000000074b580000)
 Metaspace       used 12629K, capacity 12926K, committed 13056K, reserved 1060864K
  class space    used 1456K, capacity 1533K, committed 1536K, reserved 1048576K
Event: 6.093 GC heap after
Heap after GC invocations=9 (full 3):
 PSYoungGen      total 277504K, used 38282K [0x0000000795580000, 0x00000007ab080000, 0x00000007c0000000)
  eden space 220672K, 0% used [0x0000000795580000,0x0000000795580000,0x00000007a2d00000)
  from space 56832K, 67% used [0x00000007a6980000,0x00000007a8ee2a70,0x00000007aa100000)
  to   space 61952K, 0% used [0x00000007a2d00000,0x00000007a2d00000,0x00000007a6980000)
 ParOldGen       total 185856K, used 89021K [0x0000000740000000, 0x000000074b580000, 0x0000000795580000)
  object space 185856K, 47% used [0x0000000740000000,0x00000007456ef5c0,0x000000074b580000)
 Metaspace       used 12629K, capacity 12926K, committed 13056K, reserved 1060864K
  class space    used 1456K, capacity 1533K, committed 1536K, reserved 1048576K
}
Event: 6.868 GC heap before
{Heap before GC invocations=10 (full 3):
 PSYoungGen      total 277504K, used 257370K [0x0000000795580000, 0x00000007ab080000, 0x00000007c0000000)
  eden space 220672K, 99% used [0x0000000795580000,0x00000007a2b74180,0x00000007a2d00000)
  from space 56832K, 67% used [0x00000007a6980000,0x00000007a8ee2a70,0x00000007aa100000)
  to   space 61952K, 0% used [0x00000007a2d00000,0x00000007a2d00000,0x00000007a6980000)
 ParOldGen       total 185856K, used 89021K [0x0000000740000000, 0x000000074b580000, 0x0000000795580000)
  object space 185856K, 47% used [0x0000000740000000,0x00000007456ef5c0,0x000000074b580000)
 Metaspace       used 12644K, capacity 12926K, committed 13056K, reserved 1060864K
  class space    used 1456K, capacity 1533K, committed 1536K, reserved 1048576K
Event: 6.963 GC heap after
Heap after GC invocations=10 (full 3):
 PSYoungGen      total 282624K, used 60298K [0x0000000795580000, 0x00000007b6a80000, 0x00000007c0000000)
  eden space 220672K, 0% used [0x0000000795580000,0x0000000795580000,0x00000007a2d00000)
  from space 61952K, 97% used [0x00000007a2d00000,0x00000007a67e2868,0x00000007a6980000)
  to   space 76288K, 0% used [0x00000007b2000000,0x00000007b2000000,0x00000007b6a80000)
 ParOldGen       total 185856K, used 143382K [0x0000000740000000, 0x000000074b580000, 0x0000000795580000)
  object space 185856K, 77% used [0x0000000740000000,0x0000000748c059e8,0x000000074b580000)
 Metaspace       used 12644K, capacity 12926K, committed 13056K, reserved 1060864K
  class space    used 1456K, capacity 1533K, committed 1536K, reserved 1048576K
}
Event: 6.963 GC heap before
{Heap before GC invocations=11 (full 4):
 PSYoungGen      total 282624K, used 60298K [0x0000000795580000, 0x00000007b6a80000, 0x00000007c0000000)
  eden space 220672K, 0% used [0x0000000795580000,0x0000000795580000,0x00000007a2d00000)
  from space 61952K, 97% used [0x00000007a2d00000,0x00000007a67e2868,0x00000007a6980000)
  to   space 76288K, 0% used [0x00000007b2000000,0x00000007b2000000,0x00000007b6a80000)
 ParOldGen       total 185856K, used 143382K [0x0000000740000000, 0x000000074b580000, 0x0000000795580000)
  object space 185856K, 77% used [0x0000000740000000,0x0000000748c059e8,0x000000074b580000)
 Metaspace       used 12644K, capacity 12926K, committed 13056K, reserved 1060864K
  class space    used 1456K, capacity 1533K, committed 1536K, reserved 1048576K
Event: 7.050 GC heap after
Heap after GC invocations=11 (full 4):
 PSYoungGen      total 282624K, used 6773K [0x0000000795580000, 0x00000007b6a80000, 0x00000007c0000000)
  eden space 220672K, 0% used [0x0000000795580000,0x0000000795580000,0x00000007a2d00000)
  from space 61952K, 10% used [0x00000007a2d00000,0x00000007a339d468,0x00000007a6980000)
  to   space 76288K, 0% used [0x00000007b2000000,0x00000007b2000000,0x00000007b6a80000)
 ParOldGen       total 300544K, used 182063K [0x0000000740000000, 0x0000000752580000, 0x0000000795580000)
  object space 300544K, 60% used [0x0000000740000000,0x000000074b1cbde0,0x0000000752580000)
 Metaspace       used 12644K, capacity 12926K, committed 13056K, reserved 1060864K
  class space    used 1456K, capacity 1533K, committed 1536K, reserved 1048576K
}
Event: 109.344 GC heap before
{Heap before GC invocations=12 (full 4):
 PSYoungGen      total 282624K, used 225548K [0x0000000795580000, 0x00000007b6a80000, 0x00000007c0000000)
  eden space 220672K, 99% used [0x0000000795580000,0x00000007a2b25d40,0x00000007a2d00000)
  from space 61952K, 10% used [0x00000007a2d00000,0x00000007a339d468,0x00000007a6980000)
  to   space 76288K, 0% used [0x00000007b2000000,0x00000007b2000000,0x00000007b6a80000)
 ParOldGen       total 300544K, used 182063K [0x0000000740000000, 0x0000000752580000, 0x0000000795580000)
  object space 300544K, 60% used [0x0000000740000000,0x000000074b1cbde0,0x0000000752580000)
 Metaspace       used 14065K, capacity 14354K, committed 14464K, reserved 1062912K
  class space    used 1520K, capacity 1635K, committed 1664K, reserved 1048576K
Event: 109.781 GC heap after
Heap after GC invocations=12 (full 4):
 PSYoungGen      total 449024K, used 75698K [0x0000000795580000, 0x00000007b7480000, 0x00000007c0000000)
  eden space 372736K, 0% used [0x0000000795580000,0x0000000795580000,0x00000007ac180000)
  from space 76288K, 99% used [0x00000007b2000000,0x00000007b69ec9b0,0x00000007b6a80000)
  to   space 91648K, 0% used [0x00000007ac180000,0x00000007ac180000,0x00000007b1b00000)
 ParOldGen       total 300544K, used 298169K [0x0000000740000000, 0x0000000752580000, 0x0000000795580000)
  object space 300544K, 99% used [0x0000000740000000,0x000000075232e5a8,0x0000000752580000)
 Metaspace       used 14065K, capacity 14354K, committed 14464K, reserved 1062912K
  class space    used 1520K, capacity 1635K, committed 1664K, reserved 1048576K
}
Event: 109.781 GC heap before
{Heap before GC invocations=13 (full 5):
 PSYoungGen      total 449024K, used 75698K [0x0000000795580000, 0x00000007b7480000, 0x00000007c0000000)
  eden space 372736K, 0% used [0x0000000795580000,0x0000000795580000,0x00000007ac180000)
  from space 76288K, 99% used [0x00000007b2000000,0x00000007b69ec9b0,0x00000007b6a80000)
  to   space 91648K, 0% used [0x00000007ac180000,0x00000007ac180000,0x00000007b1b00000)
 ParOldGen       total 300544K, used 298169K [0x0000000740000000, 0x0000000752580000, 0x0000000795580000)
  object space 300544K, 99% used [0x0000000740000000,0x000000075232e5a8,0x0000000752580000)
 Metaspace       used 14065K, capacity 14354K, committed 14464K, reserved 1062912K
  class space    used 1520K, capacity 1635K, committed 1664K, reserved 1048576K
Event: 109.850 GC heap after
Heap after GC invocations=13 (full 5):
 PSYoungGen      total 449024K, used 0K [0x0000000795580000, 0x00000007b7480000, 0x00000007c0000000)
  eden space 372736K, 0% used [0x0000000795580000,0x0000000795580000,0x00000007ac180000)
  from space 76288K, 0% used [0x00000007b2000000,0x00000007b2000000,0x00000007b6a80000)
  to   space 91648K, 0% used [0x00000007ac180000,0x00000007ac180000,0x00000007b1b00000)
 ParOldGen       total 452608K, used 295656K [0x0000000740000000, 0x000000075ba00000, 0x0000000795580000)
  object space 452608K, 65% used [0x0000000740000000,0x00000007520ba3b8,0x000000075ba00000)
 Metaspace       used 14065K, capacity 14354K, committed 14464K, reserved 1062912K
  class space    used 1520K, capacity 1635K, committed 1664K, reserved 1048576K
}

