# JRE version: Java(TM) SE Runtime Environment (8.0_281-b09) (build 1.8.0_281-b09)
# Java VM: Java HotSpot(TM) 64-Bit Server VM (25.281-b09 mixed mode bsd-amd64 compressed oops)
Heap:
 PSYoungGen      total 407552K, used 124461K [0x0000000795580000, 0x00000007b4e80000, 0x00000007c0000000)
  eden space 331776K, 26% used [0x0000000795580000,0x000000079aac3c08,0x00000007a9980000)
  from space 75776K, 49% used [0x00000007af280000,0x00000007b16c7a68,0x00000007b3c80000)
  to   space 91136K, 0% used [0x00000007a9980000,0x00000007a9980000,0x00000007af280000)
 ParOldGen       total 362496K, used 222595K [0x0000000740000000, 0x0000000756200000, 0x0000000795580000)
  object space 362496K, 61% used [0x0000000740000000,0x000000074d960d98,0x0000000756200000)
 Metaspace       used 13752K, capacity 14068K, committed 14208K, reserved 1062912K
  class space    used 1502K, capacity 1600K, committed 1664K, reserved 1048576K
GC Heap History (10 events):
Event: 2.780 GC heap before
{Heap before GC invocations=8 (full 3):
 PSYoungGen      total 133632K, used 3917K [0x0000000795580000, 0x00000007a9400000, 0x00000007c0000000)
  eden space 128512K, 0% used [0x0000000795580000,0x0000000795580000,0x000000079d300000)
  from space 5120K, 76% used [0x000000079d300000,0x000000079d6d35d8,0x000000079d800000)
  to   space 59904K, 0% used [0x00000007a5980000,0x00000007a5980000,0x00000007a9400000)
 ParOldGen       total 156160K, used 112838K [0x0000000740000000, 0x0000000749880000, 0x0000000795580000)
  object space 156160K, 72% used [0x0000000740000000,0x0000000746e319e0,0x0000000749880000)
 Metaspace       used 12549K, capacity 12870K, committed 13056K, reserved 1060864K
  class space    used 1429K, capacity 1531K, committed 1536K, reserved 1048576K
Event: 2.799 GC heap after
Heap after GC invocations=8 (full 3):
 PSYoungGen      total 133632K, used 0K [0x0000000795580000, 0x00000007a9400000, 0x00000007c0000000)
  eden space 128512K, 0% used [0x0000000795580000,0x0000000795580000,0x000000079d300000)
  from space 5120K, 0% used [0x000000079d300000,0x000000079d300000,0x000000079d800000)
  to   space 59904K, 0% used [0x00000007a5980000,0x00000007a5980000,0x00000007a9400000)
 ParOldGen       total 197632K, used 87119K [0x0000000740000000, 0x000000074c100000, 0x0000000795580000)
  object space 197632K, 44% used [0x0000000740000000,0x0000000745513d40,0x000000074c100000)
 Metaspace       used 12549K, capacity 12870K, committed 13056K, reserved 1060864K
  class space    used 1429K, capacity 1531K, committed 1536K, reserved 1048576K
}
Event: 3.164 GC heap before
{Heap before GC invocations=9 (full 3):
 PSYoungGen      total 133632K, used 125602K [0x0000000795580000, 0x00000007a9400000, 0x00000007c0000000)
  eden space 128512K, 97% used [0x0000000795580000,0x000000079d028898,0x000000079d300000)
  from space 5120K, 0% used [0x000000079d300000,0x000000079d300000,0x000000079d800000)
  to   space 59904K, 0% used [0x00000007a5980000,0x00000007a5980000,0x00000007a9400000)
 ParOldGen       total 197632K, used 87119K [0x0000000740000000, 0x000000074c100000, 0x0000000795580000)
  object space 197632K, 44% used [0x0000000740000000,0x0000000745513d40,0x000000074c100000)
 Metaspace       used 12572K, capacity 12870K, committed 13056K, reserved 1060864K
  class space    used 1431K, capacity 1531K, committed 1536K, reserved 1048576K
Event: 3.174 GC heap after
Heap after GC invocations=9 (full 3):
 PSYoungGen      total 264704K, used 33134K [0x0000000795580000, 0x00000007aa100000, 0x00000007c0000000)
  eden space 204800K, 0% used [0x0000000795580000,0x0000000795580000,0x00000007a1d80000)
  from space 59904K, 55% used [0x00000007a5980000,0x00000007a79db8b0,0x00000007a9400000)
  to   space 61440K, 0% used [0x00000007a1d80000,0x00000007a1d80000,0x00000007a5980000)
 ParOldGen       total 197632K, used 87119K [0x0000000740000000, 0x000000074c100000, 0x0000000795580000)
  object space 197632K, 44% used [0x0000000740000000,0x0000000745513d40,0x000000074c100000)
 Metaspace       used 12572K, capacity 12870K, committed 13056K, reserved 1060864K
  class space    used 1431K, capacity 1531K, committed 1536K, reserved 1048576K
}
Event: 3.657 GC heap before
{Heap before GC invocations=10 (full 3):
 PSYoungGen      total 264704K, used 236507K [0x0000000795580000, 0x00000007aa100000, 0x00000007c0000000)
  eden space 204800K, 99% used [0x0000000795580000,0x00000007a1c1b648,0x00000007a1d80000)
  from space 59904K, 55% used [0x00000007a5980000,0x00000007a79db8b0,0x00000007a9400000)
  to   space 61440K, 0% used [0x00000007a1d80000,0x00000007a1d80000,0x00000007a5980000)
 ParOldGen       total 197632K, used 87119K [0x0000000740000000, 0x000000074c100000, 0x0000000795580000)
  object space 197632K, 44% used [0x0000000740000000,0x0000000745513d40,0x000000074c100000)
 Metaspace       used 12595K, capacity 12870K, committed 13056K, reserved 1060864K
  class space    used 1431K, capacity 1531K, committed 1536K, reserved 1048576K
Event: 3.695 GC heap after
Heap after GC invocations=10 (full 3):
 PSYoungGen      total 266240K, used 60141K [0x0000000795580000, 0x00000007b3c80000, 0x00000007c0000000)
  eden space 204800K, 0% used [0x0000000795580000,0x0000000795580000,0x00000007a1d80000)
  from space 61440K, 97% used [0x00000007a1d80000,0x00000007a583b538,0x00000007a5980000)
  to   space 75776K, 0% used [0x00000007af280000,0x00000007af280000,0x00000007b3c80000)
 ParOldGen       total 197632K, used 118052K [0x0000000740000000, 0x000000074c100000, 0x0000000795580000)
  object space 197632K, 59% used [0x0000000740000000,0x0000000747349040,0x000000074c100000)
 Metaspace       used 12595K, capacity 12870K, committed 13056K, reserved 1060864K
  class space    used 1431K, capacity 1531K, committed 1536K, reserved 1048576K
}
Event: 95.239 GC heap before
{Heap before GC invocations=11 (full 3):
 PSYoungGen      total 266240K, used 264941K [0x0000000795580000, 0x00000007b3c80000, 0x00000007c0000000)
  eden space 204800K, 100% used [0x0000000795580000,0x00000007a1d80000,0x00000007a1d80000)
  from space 61440K, 97% used [0x00000007a1d80000,0x00000007a583b538,0x00000007a5980000)
  to   space 75776K, 0% used [0x00000007af280000,0x00000007af280000,0x00000007b3c80000)
 ParOldGen       total 197632K, used 118052K [0x0000000740000000, 0x000000074c100000, 0x0000000795580000)
  object space 197632K, 59% used [0x0000000740000000,0x0000000747349040,0x000000074c100000)
 Metaspace       used 13746K, capacity 14068K, committed 14208K, reserved 1062912K
  class space    used 1501K, capacity 1600K, committed 1664K, reserved 1048576K
Event: 95.373 GC heap after
Heap after GC invocations=11 (full 3):
 PSYoungGen      total 407552K, used 75508K [0x0000000795580000, 0x00000007b4e80000, 0x00000007c0000000)
  eden space 331776K, 0% used [0x0000000795580000,0x0000000795580000,0x00000007a9980000)
  from space 75776K, 99% used [0x00000007af280000,0x00000007b3c3d350,0x00000007b3c80000)
  to   space 91136K, 0% used [0x00000007a9980000,0x00000007a9980000,0x00000007af280000)
 ParOldGen       total 223744K, used 220729K [0x0000000740000000, 0x000000074da80000, 0x0000000795580000)
  object space 223744K, 98% used [0x0000000740000000,0x000000074d78e458,0x000000074da80000)
 Metaspace       used 13746K, capacity 14068K, committed 14208K, reserved 1062912K
  class space    used 1501K, capacity 1600K, committed 1664K, reserved 1048576K
}
Event: 95.373 GC heap before
{Heap before GC invocations=12 (full 4):
 PSYoungGen      total 407552K, used 75508K [0x0000000795580000, 0x00000007b4e80000, 0x00000007c0000000)
  eden space 331776K, 0% used [0x0000000795580000,0x0000000795580000,0x00000007a9980000)
  from space 75776K, 99% used [0x00000007af280000,0x00000007b3c3d350,0x00000007b3c80000)
  to   space 91136K, 0% used [0x00000007a9980000,0x00000007a9980000,0x00000007af280000)
 ParOldGen       total 223744K, used 220729K [0x0000000740000000, 0x000000074da80000, 0x0000000795580000)
  object space 223744K, 98% used [0x0000000740000000,0x000000074d78e458,0x000000074da80000)
 Metaspace       used 13746K, capacity 14068K, committed 14208K, reserved 1062912K
  class space    used 1501K, capacity 1600K, committed 1664K, reserved 1048576K
Event: 95.503 GC heap after
Heap after GC invocations=12 (full 4):
 PSYoungGen      total 407552K, used 37150K [0x0000000795580000, 0x00000007b4e80000, 0x00000007c0000000)
  eden space 331776K, 0% used [0x0000000795580000,0x0000000795580000,0x00000007a9980000)
  from space 75776K, 49% used [0x00000007af280000,0x00000007b16c7a68,0x00000007b3c80000)
  to   space 91136K, 0% used [0x00000007a9980000,0x00000007a9980000,0x00000007af280000)
 ParOldGen       total 362496K, used 222595K [0x0000000740000000, 0x0000000756200000, 0x0000000795580000)
  object space 362496K, 61% used [0x0000000740000000,0x000000074d960d98,0x0000000756200000)
 Metaspace       used 13746K, capacity 14068K, committed 14208K, reserved 1062912K
  class space    used 1501K, capacity 1600K, committed 1664K, reserved 1048576K
}

