# JRE version: Java(TM) SE Runtime Environment (8.0_261-b12) (build 1.8.0_261-b12)
# Java VM: Java HotSpot(TM) 64-Bit Server VM (25.261-b12 mixed mode bsd-amd64 compressed oops)
Heap:
 PSYoungGen      total 315392K, used 144907K [0x0000000795580000, 0x00000007b6400000, 0x00000007c0000000)
  eden space 201216K, 30% used [0x0000000795580000,0x00000007991e3550,0x00000007a1a00000)
  from space 114176K, 72% used [0x00000007a1a00000,0x00000007a6b1f928,0x00000007a8980000)
  to   space 132608K, 0% used [0x00000007ae280000,0x00000007ae280000,0x00000007b6400000)
 ParOldGen       total 419840K, used 264331K [0x0000000740000000, 0x0000000759a00000, 0x0000000795580000)
  object space 419840K, 62% used [0x0000000740000000,0x0000000750222ca0,0x0000000759a00000)
 Metaspace       used 14344K, capacity 14678K, committed 14720K, reserved 1062912K
  class space    used 1522K, capacity 1635K, committed 1664K, reserved 1048576K
GC Heap History (10 events):
Event: 4.667 GC heap before
{Heap before GC invocations=11 (full 2):
 PSYoungGen      total 226304K, used 225111K [0x0000000795580000, 0x00000007a9b80000, 0x00000007c0000000)
  eden space 157696K, 100% used [0x0000000795580000,0x000000079ef80000,0x000000079ef80000)
  from space 68608K, 98% used [0x00000007a3f80000,0x00000007a8155f40,0x00000007a8280000)
  to   space 81920K, 0% used [0x000000079ef80000,0x000000079ef80000,0x00000007a3f80000)
 ParOldGen       total 152576K, used 70614K [0x0000000740000000, 0x0000000749500000, 0x0000000795580000)
  object space 152576K, 46% used [0x0000000740000000,0x00000007444f5960,0x0000000749500000)
 Metaspace       used 12639K, capacity 12924K, committed 13056K, reserved 1060864K
  class space    used 1457K, capacity 1532K, committed 1536K, reserved 1048576K
Event: 4.695 GC heap after
Heap after GC invocations=11 (full 2):
 PSYoungGen      total 239616K, used 81657K [0x0000000795580000, 0x00000007ae880000, 0x00000007c0000000)
  eden space 157696K, 0% used [0x0000000795580000,0x0000000795580000,0x000000079ef80000)
  from space 81920K, 99% used [0x000000079ef80000,0x00000007a3f3e428,0x00000007a3f80000)
  to   space 97280K, 0% used [0x00000007a8980000,0x00000007a8980000,0x00000007ae880000)
 ParOldGen       total 152576K, used 97987K [0x0000000740000000, 0x0000000749500000, 0x0000000795580000)
  object space 152576K, 64% used [0x0000000740000000,0x0000000745fb0f88,0x0000000749500000)
 Metaspace       used 12639K, capacity 12924K, committed 13056K, reserved 1060864K
  class space    used 1457K, capacity 1532K, committed 1536K, reserved 1048576K
}
Event: 6.533 GC heap before
{Heap before GC invocations=12 (full 2):
 PSYoungGen      total 239616K, used 233163K [0x0000000795580000, 0x00000007ae880000, 0x00000007c0000000)
  eden space 157696K, 96% used [0x0000000795580000,0x000000079e974b90,0x000000079ef80000)
  from space 81920K, 99% used [0x000000079ef80000,0x00000007a3f3e428,0x00000007a3f80000)
  to   space 97280K, 0% used [0x00000007a8980000,0x00000007a8980000,0x00000007ae880000)
 ParOldGen       total 152576K, used 97987K [0x0000000740000000, 0x0000000749500000, 0x0000000795580000)
  object space 152576K, 64% used [0x0000000740000000,0x0000000745fb0f88,0x0000000749500000)
 Metaspace       used 12941K, capacity 13240K, committed 13440K, reserved 1060864K
  class space    used 1468K, capacity 1568K, committed 1664K, reserved 1048576K
Event: 6.582 GC heap after
Heap after GC invocations=12 (full 2):
 PSYoungGen      total 298496K, used 97017K [0x0000000795580000, 0x00000007b0580000, 0x00000007c0000000)
  eden space 201216K, 0% used [0x0000000795580000,0x0000000795580000,0x00000007a1a00000)
  from space 97280K, 99% used [0x00000007a8980000,0x00000007ae83e518,0x00000007ae880000)
  to   space 114176K, 0% used [0x00000007a1a00000,0x00000007a1a00000,0x00000007a8980000)
 ParOldGen       total 152576K, used 146598K [0x0000000740000000, 0x0000000749500000, 0x0000000795580000)
  object space 152576K, 96% used [0x0000000740000000,0x0000000748f29a68,0x0000000749500000)
 Metaspace       used 12941K, capacity 13240K, committed 13440K, reserved 1060864K
  class space    used 1468K, capacity 1568K, committed 1664K, reserved 1048576K
}
Event: 6.582 GC heap before
{Heap before GC invocations=13 (full 3):
 PSYoungGen      total 298496K, used 97017K [0x0000000795580000, 0x00000007b0580000, 0x00000007c0000000)
  eden space 201216K, 0% used [0x0000000795580000,0x0000000795580000,0x00000007a1a00000)
  from space 97280K, 99% used [0x00000007a8980000,0x00000007ae83e518,0x00000007ae880000)
  to   space 114176K, 0% used [0x00000007a1a00000,0x00000007a1a00000,0x00000007a8980000)
 ParOldGen       total 152576K, used 146598K [0x0000000740000000, 0x0000000749500000, 0x0000000795580000)
  object space 152576K, 96% used [0x0000000740000000,0x0000000748f29a68,0x0000000749500000)
 Metaspace       used 12941K, capacity 13240K, committed 13440K, reserved 1060864K
  class space    used 1468K, capacity 1568K, committed 1664K, reserved 1048576K
Event: 6.622 GC heap after
Heap after GC invocations=13 (full 3):
 PSYoungGen      total 298496K, used 75056K [0x0000000795580000, 0x00000007b0580000, 0x00000007c0000000)
  eden space 201216K, 0% used [0x0000000795580000,0x0000000795580000,0x00000007a1a00000)
  from space 97280K, 77% used [0x00000007a8980000,0x00000007ad2cc048,0x00000007ae880000)
  to   space 114176K, 0% used [0x00000007a1a00000,0x00000007a1a00000,0x00000007a8980000)
 ParOldGen       total 264704K, used 150974K [0x0000000740000000, 0x0000000750280000, 0x0000000795580000)
  object space 264704K, 57% used [0x0000000740000000,0x000000074936faf0,0x0000000750280000)
 Metaspace       used 12941K, capacity 13240K, committed 13440K, reserved 1060864K
  class space    used 1468K, capacity 1568K, committed 1664K, reserved 1048576K
}
Event: 137.687 GC heap before
{Heap before GC invocations=14 (full 3):
 PSYoungGen      total 298496K, used 276272K [0x0000000795580000, 0x00000007b0580000, 0x00000007c0000000)
  eden space 201216K, 100% used [0x0000000795580000,0x00000007a1a00000,0x00000007a1a00000)
  from space 97280K, 77% used [0x00000007a8980000,0x00000007ad2cc048,0x00000007ae880000)
  to   space 114176K, 0% used [0x00000007a1a00000,0x00000007a1a00000,0x00000007a8980000)
 ParOldGen       total 264704K, used 150974K [0x0000000740000000, 0x0000000750280000, 0x0000000795580000)
  object space 264704K, 57% used [0x0000000740000000,0x000000074936faf0,0x0000000750280000)
 Metaspace       used 14244K, capacity 14614K, committed 14720K, reserved 1062912K
  class space    used 1522K, capacity 1635K, committed 1664K, reserved 1048576K
Event: 138.154 GC heap after
Heap after GC invocations=14 (full 3):
 PSYoungGen      total 315392K, used 111337K [0x0000000795580000, 0x00000007b6400000, 0x00000007c0000000)
  eden space 201216K, 0% used [0x0000000795580000,0x0000000795580000,0x00000007a1a00000)
  from space 114176K, 97% used [0x00000007a1a00000,0x00000007a86ba680,0x00000007a8980000)
  to   space 132608K, 0% used [0x00000007ae280000,0x00000007ae280000,0x00000007b6400000)
 ParOldGen       total 264704K, used 262891K [0x0000000740000000, 0x0000000750280000, 0x0000000795580000)
  object space 264704K, 99% used [0x0000000740000000,0x00000007500bacb8,0x0000000750280000)
 Metaspace       used 14244K, capacity 14614K, committed 14720K, reserved 1062912K
  class space    used 1522K, capacity 1635K, committed 1664K, reserved 1048576K
}
Event: 138.154 GC heap before
{Heap before GC invocations=15 (full 4):
 PSYoungGen      total 315392K, used 111337K [0x0000000795580000, 0x00000007b6400000, 0x00000007c0000000)
  eden space 201216K, 0% used [0x0000000795580000,0x0000000795580000,0x00000007a1a00000)
  from space 114176K, 97% used [0x00000007a1a00000,0x00000007a86ba680,0x00000007a8980000)
  to   space 132608K, 0% used [0x00000007ae280000,0x00000007ae280000,0x00000007b6400000)
 ParOldGen       total 264704K, used 262891K [0x0000000740000000, 0x0000000750280000, 0x0000000795580000)
  object space 264704K, 99% used [0x0000000740000000,0x00000007500bacb8,0x0000000750280000)
 Metaspace       used 14244K, capacity 14614K, committed 14720K, reserved 1062912K
  class space    used 1522K, capacity 1635K, committed 1664K, reserved 1048576K
Event: 138.471 GC heap after
Heap after GC invocations=15 (full 4):
 PSYoungGen      total 315392K, used 83070K [0x0000000795580000, 0x00000007b6400000, 0x00000007c0000000)
  eden space 201216K, 0% used [0x0000000795580000,0x0000000795580000,0x00000007a1a00000)
  from space 114176K, 72% used [0x00000007a1a00000,0x00000007a6b1f928,0x00000007a8980000)
  to   space 132608K, 0% used [0x00000007ae280000,0x00000007ae280000,0x00000007b6400000)
 ParOldGen       total 419840K, used 264331K [0x0000000740000000, 0x0000000759a00000, 0x0000000795580000)
  object space 419840K, 62% used [0x0000000740000000,0x0000000750222ca0,0x0000000759a00000)
 Metaspace       used 14244K, capacity 14614K, committed 14720K, reserved 1062912K
  class space    used 1522K, capacity 1635K, committed 1664K, reserved 1048576K
}

