# JRE version: Java(TM) SE Runtime Environment (8.0_261-b12) (build 1.8.0_261-b12)
# Java VM: Java HotSpot(TM) 64-Bit Server VM (25.261-b12 mixed mode bsd-amd64 compressed oops)
Heap:
 PSYoungGen      total 331776K, used 233197K [0x0000000795580000, 0x00000007b8e80000, 0x00000007c0000000)
  eden space 233984K, 68% used [0x0000000795580000,0x000000079f15dcd8,0x00000007a3a00000)
  from space 97792K, 75% used [0x00000007a3a00000,0x00000007a81dd860,0x00000007a9980000)
  to   space 112640K, 0% used [0x00000007b2080000,0x00000007b2080000,0x00000007b8e80000)
 ParOldGen       total 370688K, used 247991K [0x0000000740000000, 0x0000000756a00000, 0x0000000795580000)
  object space 370688K, 66% used [0x0000000740000000,0x000000074f22dcc8,0x0000000756a00000)
 Metaspace       used 13649K, capacity 13946K, committed 14208K, reserved 1062912K
  class space    used 1462K, capacity 1537K, committed 1664K, reserved 1048576K
GC Heap History (10 events):
Event: 3.490 GC heap before
{Heap before GC invocations=11 (full 2):
 PSYoungGen      total 229376K, used 227265K [0x0000000795580000, 0x00000007a9400000, 0x00000007c0000000)
  eden space 169472K, 99% used [0x0000000795580000,0x000000079fa19508,0x000000079fb00000)
  from space 59904K, 98% used [0x00000007a4100000,0x00000007a7a572d0,0x00000007a7b80000)
  to   space 71680K, 0% used [0x000000079fb00000,0x000000079fb00000,0x00000007a4100000)
 ParOldGen       total 129024K, used 79656K [0x0000000740000000, 0x0000000747e00000, 0x0000000795580000)
  object space 129024K, 61% used [0x0000000740000000,0x0000000744dca0e8,0x0000000747e00000)
 Metaspace       used 12467K, capacity 12716K, committed 12800K, reserved 1060864K
  class space    used 1427K, capacity 1500K, committed 1536K, reserved 1048576K
Event: 3.518 GC heap after
Heap after GC invocations=11 (full 2):
 PSYoungGen      total 241152K, used 70107K [0x0000000795580000, 0x00000007aec80000, 0x00000007c0000000)
  eden space 169472K, 0% used [0x0000000795580000,0x0000000795580000,0x000000079fb00000)
  from space 71680K, 97% used [0x000000079fb00000,0x00000007a3f76f10,0x00000007a4100000)
  to   space 84992K, 0% used [0x00000007a9980000,0x00000007a9980000,0x00000007aec80000)
 ParOldGen       total 129024K, used 111753K [0x0000000740000000, 0x0000000747e00000, 0x0000000795580000)
  object space 129024K, 86% used [0x0000000740000000,0x0000000746d22618,0x0000000747e00000)
 Metaspace       used 12467K, capacity 12716K, committed 12800K, reserved 1060864K
  class space    used 1427K, capacity 1500K, committed 1536K, reserved 1048576K
}
Event: 3.518 GC heap before
{Heap before GC invocations=12 (full 3):
 PSYoungGen      total 241152K, used 70107K [0x0000000795580000, 0x00000007aec80000, 0x00000007c0000000)
  eden space 169472K, 0% used [0x0000000795580000,0x0000000795580000,0x000000079fb00000)
  from space 71680K, 97% used [0x000000079fb00000,0x00000007a3f76f10,0x00000007a4100000)
  to   space 84992K, 0% used [0x00000007a9980000,0x00000007a9980000,0x00000007aec80000)
 ParOldGen       total 129024K, used 111753K [0x0000000740000000, 0x0000000747e00000, 0x0000000795580000)
  object space 129024K, 86% used [0x0000000740000000,0x0000000746d22618,0x0000000747e00000)
 Metaspace       used 12467K, capacity 12716K, committed 12800K, reserved 1060864K
  class space    used 1427K, capacity 1500K, committed 1536K, reserved 1048576K
Event: 3.546 GC heap after
Heap after GC invocations=12 (full 3):
 PSYoungGen      total 241152K, used 50154K [0x0000000795580000, 0x00000007aec80000, 0x00000007c0000000)
  eden space 169472K, 0% used [0x0000000795580000,0x0000000795580000,0x000000079fb00000)
  from space 71680K, 69% used [0x000000079fb00000,0x00000007a2bfa9e8,0x00000007a4100000)
  to   space 84992K, 0% used [0x00000007a9980000,0x00000007a9980000,0x00000007aec80000)
 ParOldGen       total 210944K, used 119834K [0x0000000740000000, 0x000000074ce00000, 0x0000000795580000)
  object space 210944K, 56% used [0x0000000740000000,0x0000000747506928,0x000000074ce00000)
 Metaspace       used 12467K, capacity 12716K, committed 12800K, reserved 1060864K
  class space    used 1427K, capacity 1500K, committed 1536K, reserved 1048576K
}
Event: 3.791 GC heap before
{Heap before GC invocations=13 (full 3):
 PSYoungGen      total 241152K, used 219626K [0x0000000795580000, 0x00000007aec80000, 0x00000007c0000000)
  eden space 169472K, 100% used [0x0000000795580000,0x000000079fb00000,0x000000079fb00000)
  from space 71680K, 69% used [0x000000079fb00000,0x00000007a2bfa9e8,0x00000007a4100000)
  to   space 84992K, 0% used [0x00000007a9980000,0x00000007a9980000,0x00000007aec80000)
 ParOldGen       total 210944K, used 119834K [0x0000000740000000, 0x000000074ce00000, 0x0000000795580000)
  object space 210944K, 56% used [0x0000000740000000,0x0000000747506928,0x000000074ce00000)
 Metaspace       used 12468K, capacity 12716K, committed 12800K, reserved 1060864K
  class space    used 1427K, capacity 1500K, committed 1536K, reserved 1048576K
Event: 3.866 GC heap after
Heap after GC invocations=13 (full 3):
 PSYoungGen      total 318976K, used 79442K [0x0000000795580000, 0x00000007b0e00000, 0x00000007c0000000)
  eden space 233984K, 0% used [0x0000000795580000,0x0000000795580000,0x00000007a3a00000)
  from space 84992K, 93% used [0x00000007a9980000,0x00000007ae714918,0x00000007aec80000)
  to   space 97792K, 0% used [0x00000007a3a00000,0x00000007a3a00000,0x00000007a9980000)
 ParOldGen       total 210944K, used 164588K [0x0000000740000000, 0x000000074ce00000, 0x0000000795580000)
  object space 210944K, 78% used [0x0000000740000000,0x000000074a0bb268,0x000000074ce00000)
 Metaspace       used 12468K, capacity 12716K, committed 12800K, reserved 1060864K
  class space    used 1427K, capacity 1500K, committed 1536K, reserved 1048576K
}
Event: 4.322 GC heap before
{Heap before GC invocations=14 (full 3):
 PSYoungGen      total 318976K, used 309026K [0x0000000795580000, 0x00000007b0e00000, 0x00000007c0000000)
  eden space 233984K, 98% used [0x0000000795580000,0x00000007a35b4200,0x00000007a3a00000)
  from space 84992K, 93% used [0x00000007a9980000,0x00000007ae714918,0x00000007aec80000)
  to   space 97792K, 0% used [0x00000007a3a00000,0x00000007a3a00000,0x00000007a9980000)
 ParOldGen       total 210944K, used 164588K [0x0000000740000000, 0x000000074ce00000, 0x0000000795580000)
  object space 210944K, 78% used [0x0000000740000000,0x000000074a0bb268,0x000000074ce00000)
 Metaspace       used 12508K, capacity 12812K, committed 13056K, reserved 1060864K
  class space    used 1429K, capacity 1532K, committed 1536K, reserved 1048576K
Event: 4.447 GC heap after
Heap after GC invocations=14 (full 3):
 PSYoungGen      total 331776K, used 90892K [0x0000000795580000, 0x00000007b8e80000, 0x00000007c0000000)
  eden space 233984K, 0% used [0x0000000795580000,0x0000000795580000,0x00000007a3a00000)
  from space 97792K, 92% used [0x00000007a3a00000,0x00000007a92c32e0,0x00000007a9980000)
  to   space 112640K, 0% used [0x00000007b2080000,0x00000007b2080000,0x00000007b8e80000)
 ParOldGen       total 249344K, used 243743K [0x0000000740000000, 0x000000074f380000, 0x0000000795580000)
  object space 249344K, 97% used [0x0000000740000000,0x000000074ee07cc8,0x000000074f380000)
 Metaspace       used 12508K, capacity 12812K, committed 13056K, reserved 1060864K
  class space    used 1429K, capacity 1532K, committed 1536K, reserved 1048576K
}
Event: 4.447 GC heap before
{Heap before GC invocations=15 (full 4):
 PSYoungGen      total 331776K, used 90892K [0x0000000795580000, 0x00000007b8e80000, 0x00000007c0000000)
  eden space 233984K, 0% used [0x0000000795580000,0x0000000795580000,0x00000007a3a00000)
  from space 97792K, 92% used [0x00000007a3a00000,0x00000007a92c32e0,0x00000007a9980000)
  to   space 112640K, 0% used [0x00000007b2080000,0x00000007b2080000,0x00000007b8e80000)
 ParOldGen       total 249344K, used 243743K [0x0000000740000000, 0x000000074f380000, 0x0000000795580000)
  object space 249344K, 97% used [0x0000000740000000,0x000000074ee07cc8,0x000000074f380000)
 Metaspace       used 12508K, capacity 12812K, committed 13056K, reserved 1060864K
  class space    used 1429K, capacity 1532K, committed 1536K, reserved 1048576K
Event: 4.517 GC heap after
Heap after GC invocations=15 (full 4):
 PSYoungGen      total 331776K, used 73590K [0x0000000795580000, 0x00000007b8e80000, 0x00000007c0000000)
  eden space 233984K, 0% used [0x0000000795580000,0x0000000795580000,0x00000007a3a00000)
  from space 97792K, 75% used [0x00000007a3a00000,0x00000007a81dd860,0x00000007a9980000)
  to   space 112640K, 0% used [0x00000007b2080000,0x00000007b2080000,0x00000007b8e80000)
 ParOldGen       total 370688K, used 247991K [0x0000000740000000, 0x0000000756a00000, 0x0000000795580000)
  object space 370688K, 66% used [0x0000000740000000,0x000000074f22dcc8,0x0000000756a00000)
 Metaspace       used 12508K, capacity 12812K, committed 13056K, reserved 1060864K
  class space    used 1429K, capacity 1532K, committed 1536K, reserved 1048576K
}

