# JRE version: Java(TM) SE Runtime Environment (8.0_261-b12) (build 1.8.0_261-b12)
# Java VM: Java HotSpot(TM) 64-Bit Server VM (25.261-b12 mixed mode bsd-amd64 compressed oops)
Heap:
 PSYoungGen      total 115200K, used 66205K [0x0000000795580000, 0x000000079f280000, 0x00000007c0000000)
  eden space 74752K, 65% used [0x0000000795580000,0x000000079859e078,0x0000000799e80000)
  from space 40448K, 41% used [0x000000079cb00000,0x000000079db896b0,0x000000079f280000)
  to   space 43008K, 0% used [0x0000000799e80000,0x0000000799e80000,0x000000079c880000)
 ParOldGen       total 298496K, used 151461K [0x0000000740000000, 0x0000000752380000, 0x0000000795580000)
  object space 298496K, 50% used [0x0000000740000000,0x00000007493e95f0,0x0000000752380000)
 Metaspace       used 14017K, capacity 14326K, committed 14464K, reserved 1062912K
  class space    used 1498K, capacity 1603K, committed 1664K, reserved 1048576K
GC Heap History (10 events):
Event: 6.791 GC heap before
{Heap before GC invocations=9 (full 2):
 PSYoungGen      total 72192K, used 60342K [0x0000000795580000, 0x000000079ca00000, 0x00000007c0000000)
  eden space 49152K, 86% used [0x0000000795580000,0x0000000797eeb818,0x0000000798580000)
  from space 23040K, 77% used [0x0000000799f80000,0x000000079b1023b0,0x000000079b600000)
  to   space 26624K, 0% used [0x0000000798580000,0x0000000798580000,0x0000000799f80000)
 ParOldGen       total 144896K, used 70091K [0x0000000740000000, 0x0000000748d80000, 0x0000000795580000)
  object space 144896K, 48% used [0x0000000740000000,0x0000000744472fb8,0x0000000748d80000)
 Metaspace       used 12526K, capacity 12864K, committed 13056K, reserved 1060864K
  class space    used 1425K, capacity 1532K, committed 1536K, reserved 1048576K
Event: 6.799 GC heap after
Heap after GC invocations=9 (full 2):
 PSYoungGen      total 75776K, used 25978K [0x0000000795580000, 0x000000079d000000, 0x00000007c0000000)
  eden space 49152K, 0% used [0x0000000795580000,0x0000000795580000,0x0000000798580000)
  from space 26624K, 97% used [0x0000000798580000,0x0000000799edea48,0x0000000799f80000)
  to   space 32256K, 0% used [0x000000079b080000,0x000000079b080000,0x000000079d000000)
 ParOldGen       total 144896K, used 71730K [0x0000000740000000, 0x0000000748d80000, 0x0000000795580000)
  object space 144896K, 49% used [0x0000000740000000,0x000000074460cb88,0x0000000748d80000)
 Metaspace       used 12526K, capacity 12864K, committed 13056K, reserved 1060864K
  class space    used 1425K, capacity 1532K, committed 1536K, reserved 1048576K
}
Event: 6.943 GC heap before
{Heap before GC invocations=10 (full 2):
 PSYoungGen      total 75776K, used 74023K [0x0000000795580000, 0x000000079d000000, 0x00000007c0000000)
  eden space 49152K, 97% used [0x0000000795580000,0x000000079846b220,0x0000000798580000)
  from space 26624K, 97% used [0x0000000798580000,0x0000000799edea48,0x0000000799f80000)
  to   space 32256K, 0% used [0x000000079b080000,0x000000079b080000,0x000000079d000000)
 ParOldGen       total 144896K, used 71730K [0x0000000740000000, 0x0000000748d80000, 0x0000000795580000)
  object space 144896K, 49% used [0x0000000740000000,0x000000074460cb88,0x0000000748d80000)
 Metaspace       used 12551K, capacity 12864K, committed 13056K, reserved 1060864K
  class space    used 1431K, capacity 1532K, committed 1536K, reserved 1048576K
Event: 6.965 GC heap after
Heap after GC invocations=10 (full 2):
 PSYoungGen      total 86528K, used 31810K [0x0000000795580000, 0x000000079e180000, 0x00000007c0000000)
  eden space 54272K, 0% used [0x0000000795580000,0x0000000795580000,0x0000000798a80000)
  from space 32256K, 98% used [0x000000079b080000,0x000000079cf90be0,0x000000079d000000)
  to   space 38912K, 0% used [0x0000000798a80000,0x0000000798a80000,0x000000079b080000)
 ParOldGen       total 144896K, used 80443K [0x0000000740000000, 0x0000000748d80000, 0x0000000795580000)
  object space 144896K, 55% used [0x0000000740000000,0x0000000744e8ee28,0x0000000748d80000)
 Metaspace       used 12551K, capacity 12864K, committed 13056K, reserved 1060864K
  class space    used 1431K, capacity 1532K, committed 1536K, reserved 1048576K
}
Event: 7.042 GC heap before
{Heap before GC invocations=11 (full 2):
 PSYoungGen      total 86528K, used 84915K [0x0000000795580000, 0x000000079e180000, 0x00000007c0000000)
  eden space 54272K, 97% used [0x0000000795580000,0x000000079895c048,0x0000000798a80000)
  from space 32256K, 98% used [0x000000079b080000,0x000000079cf90be0,0x000000079d000000)
  to   space 38912K, 0% used [0x0000000798a80000,0x0000000798a80000,0x000000079b080000)
 ParOldGen       total 144896K, used 80443K [0x0000000740000000, 0x0000000748d80000, 0x0000000795580000)
  object space 144896K, 55% used [0x0000000740000000,0x0000000744e8ee28,0x0000000748d80000)
 Metaspace       used 12636K, capacity 12934K, committed 13056K, reserved 1060864K
  class space    used 1440K, capacity 1533K, committed 1536K, reserved 1048576K
Event: 7.182 GC heap after
Heap after GC invocations=11 (full 2):
 PSYoungGen      total 93184K, used 37800K [0x0000000795580000, 0x000000079f780000, 0x00000007c0000000)
  eden space 54272K, 0% used [0x0000000795580000,0x0000000795580000,0x0000000798a80000)
  from space 38912K, 97% used [0x0000000798a80000,0x000000079af6a248,0x000000079b080000)
  to   space 45568K, 0% used [0x000000079cb00000,0x000000079cb00000,0x000000079f780000)
 ParOldGen       total 192000K, used 187135K [0x0000000740000000, 0x000000074bb80000, 0x0000000795580000)
  object space 192000K, 97% used [0x0000000740000000,0x000000074b6bfc38,0x000000074bb80000)
 Metaspace       used 12636K, capacity 12934K, committed 13056K, reserved 1060864K
  class space    used 1440K, capacity 1533K, committed 1536K, reserved 1048576K
}
Event: 7.182 GC heap before
{Heap before GC invocations=12 (full 3):
 PSYoungGen      total 93184K, used 37800K [0x0000000795580000, 0x000000079f780000, 0x00000007c0000000)
  eden space 54272K, 0% used [0x0000000795580000,0x0000000795580000,0x0000000798a80000)
  from space 38912K, 97% used [0x0000000798a80000,0x000000079af6a248,0x000000079b080000)
  to   space 45568K, 0% used [0x000000079cb00000,0x000000079cb00000,0x000000079f780000)
 ParOldGen       total 192000K, used 187135K [0x0000000740000000, 0x000000074bb80000, 0x0000000795580000)
  object space 192000K, 97% used [0x0000000740000000,0x000000074b6bfc38,0x000000074bb80000)
 Metaspace       used 12636K, capacity 12934K, committed 13056K, reserved 1060864K
  class space    used 1440K, capacity 1533K, committed 1536K, reserved 1048576K
Event: 7.231 GC heap after
Heap after GC invocations=12 (full 3):
 PSYoungGen      total 93184K, used 0K [0x0000000795580000, 0x000000079f780000, 0x00000007c0000000)
  eden space 54272K, 0% used [0x0000000795580000,0x0000000795580000,0x0000000798a80000)
  from space 38912K, 0% used [0x0000000798a80000,0x0000000798a80000,0x000000079b080000)
  to   space 45568K, 0% used [0x000000079cb00000,0x000000079cb00000,0x000000079f780000)
 ParOldGen       total 298496K, used 151453K [0x0000000740000000, 0x0000000752380000, 0x0000000795580000)
  object space 298496K, 50% used [0x0000000740000000,0x00000007493e75f0,0x0000000752380000)
 Metaspace       used 12636K, capacity 12934K, committed 13056K, reserved 1060864K
  class space    used 1440K, capacity 1533K, committed 1536K, reserved 1048576K
}
Event: 51.280 GC heap before
{Heap before GC invocations=13 (full 3):
 PSYoungGen      total 93184K, used 54272K [0x0000000795580000, 0x000000079f780000, 0x00000007c0000000)
  eden space 54272K, 100% used [0x0000000795580000,0x0000000798a80000,0x0000000798a80000)
  from space 38912K, 0% used [0x0000000798a80000,0x0000000798a80000,0x000000079b080000)
  to   space 45568K, 0% used [0x000000079cb00000,0x000000079cb00000,0x000000079f780000)
 ParOldGen       total 298496K, used 151453K [0x0000000740000000, 0x0000000752380000, 0x0000000795580000)
  object space 298496K, 50% used [0x0000000740000000,0x00000007493e75f0,0x0000000752380000)
 Metaspace       used 13933K, capacity 14256K, committed 14464K, reserved 1062912K
  class space    used 1497K, capacity 1602K, committed 1664K, reserved 1048576K
Event: 51.289 GC heap after
Heap after GC invocations=13 (full 3):
 PSYoungGen      total 115200K, used 16933K [0x0000000795580000, 0x000000079f280000, 0x00000007c0000000)
  eden space 74752K, 0% used [0x0000000795580000,0x0000000795580000,0x0000000799e80000)
  from space 40448K, 41% used [0x000000079cb00000,0x000000079db896b0,0x000000079f280000)
  to   space 43008K, 0% used [0x0000000799e80000,0x0000000799e80000,0x000000079c880000)
 ParOldGen       total 298496K, used 151461K [0x0000000740000000, 0x0000000752380000, 0x0000000795580000)
  object space 298496K, 50% used [0x0000000740000000,0x00000007493e95f0,0x0000000752380000)
 Metaspace       used 13933K, capacity 14256K, committed 14464K, reserved 1062912K
  class space    used 1497K, capacity 1602K, committed 1664K, reserved 1048576K
}

