# JRE version: Java(TM) SE Runtime Environment (8.0_261-b12) (build 1.8.0_261-b12)
# Java VM: Java HotSpot(TM) 64-Bit Server VM (25.261-b12 mixed mode bsd-amd64 compressed oops)
Heap:
 PSYoungGen      total 401920K, used 224363K [0x0000000795580000, 0x00000007b8f80000, 0x00000007c0000000)
  eden space 334848K, 46% used [0x0000000795580000,0x000000079ef26ad0,0x00000007a9c80000)
  from space 67072K, 99% used [0x00000007aab00000,0x00000007aec74478,0x00000007aec80000)
  to   space 124416K, 0% used [0x00000007b1600000,0x00000007b1600000,0x00000007b8f80000)
 ParOldGen       total 193024K, used 130919K [0x0000000740000000, 0x000000074bc80000, 0x0000000795580000)
  object space 193024K, 67% used [0x0000000740000000,0x0000000747fd9db0,0x000000074bc80000)
 Metaspace       used 13539K, capacity 13892K, committed 14208K, reserved 1062912K
  class space    used 1468K, capacity 1568K, committed 1664K, reserved 1048576K
GC Heap History (10 events):
Event: 63.430 GC heap before
{Heap before GC invocations=12 (full 3):
 PSYoungGen      total 335360K, used 323477K [0x0000000795580000, 0x00000007b0e00000, 0x00000007c0000000)
  eden space 250368K, 100% used [0x0000000795580000,0x00000007a4a00000,0x00000007a4a00000)
  from space 84992K, 86% used [0x00000007aa980000,0x00000007af0e5578,0x00000007afc80000)
  to   space 97792K, 0% used [0x00000007a4a00000,0x00000007a4a00000,0x00000007aa980000)
 ParOldGen       total 193024K, used 130908K [0x0000000740000000, 0x000000074bc80000, 0x0000000795580000)
  object space 193024K, 67% used [0x0000000740000000,0x0000000747fd7388,0x000000074bc80000)
 Metaspace       used 13536K, capacity 13892K, committed 14208K, reserved 1062912K
  class space    used 1468K, capacity 1568K, committed 1664K, reserved 1048576K
Event: 63.752 GC heap after
Heap after GC invocations=12 (full 3):
 PSYoungGen      total 348160K, used 82808K [0x0000000795580000, 0x00000007b6000000, 0x00000007c0000000)
  eden space 250368K, 0% used [0x0000000795580000,0x0000000795580000,0x00000007a4a00000)
  from space 97792K, 84% used [0x00000007a4a00000,0x00000007a9ade310,0x00000007aa980000)
  to   space 110592K, 0% used [0x00000007af400000,0x00000007af400000,0x00000007b6000000)
 ParOldGen       total 193024K, used 130916K [0x0000000740000000, 0x000000074bc80000, 0x0000000795580000)
  object space 193024K, 67% used [0x0000000740000000,0x0000000747fd9388,0x000000074bc80000)
 Metaspace       used 13536K, capacity 13892K, committed 14208K, reserved 1062912K
  class space    used 1468K, capacity 1568K, committed 1664K, reserved 1048576K
}
Event: 95.287 GC heap before
{Heap before GC invocations=13 (full 3):
 PSYoungGen      total 348160K, used 333176K [0x0000000795580000, 0x00000007b6000000, 0x00000007c0000000)
  eden space 250368K, 100% used [0x0000000795580000,0x00000007a4a00000,0x00000007a4a00000)
  from space 97792K, 84% used [0x00000007a4a00000,0x00000007a9ade310,0x00000007aa980000)
  to   space 110592K, 0% used [0x00000007af400000,0x00000007af400000,0x00000007b6000000)
 ParOldGen       total 193024K, used 130919K [0x0000000740000000, 0x000000074bc80000, 0x0000000795580000)
  object space 193024K, 67% used [0x0000000740000000,0x0000000747fd9db0,0x000000074bc80000)
 Metaspace       used 13537K, capacity 13892K, committed 14208K, reserved 1062912K
  class space    used 1468K, capacity 1568K, committed 1664K, reserved 1048576K
Event: 95.333 GC heap after
Heap after GC invocations=13 (full 3):
 PSYoungGen      total 415232K, used 78152K [0x0000000795580000, 0x00000007b6500000, 0x00000007c0000000)
  eden space 304640K, 0% used [0x0000000795580000,0x0000000795580000,0x00000007a7f00000)
  from space 110592K, 70% used [0x00000007af400000,0x00000007b4052348,0x00000007b6000000)
  to   space 117760K, 0% used [0x00000007a7f00000,0x00000007a7f00000,0x00000007af200000)
 ParOldGen       total 193024K, used 130919K [0x0000000740000000, 0x000000074bc80000, 0x0000000795580000)
  object space 193024K, 67% used [0x0000000740000000,0x0000000747fd9db0,0x000000074bc80000)
 Metaspace       used 13537K, capacity 13892K, committed 14208K, reserved 1062912K
  class space    used 1468K, capacity 1568K, committed 1664K, reserved 1048576K
}
Event: 125.553 GC heap before
{Heap before GC invocations=14 (full 3):
 PSYoungGen      total 415232K, used 382792K [0x0000000795580000, 0x00000007b6500000, 0x00000007c0000000)
  eden space 304640K, 100% used [0x0000000795580000,0x00000007a7f00000,0x00000007a7f00000)
  from space 110592K, 70% used [0x00000007af400000,0x00000007b4052348,0x00000007b6000000)
  to   space 117760K, 0% used [0x00000007a7f00000,0x00000007a7f00000,0x00000007af200000)
 ParOldGen       total 193024K, used 130919K [0x0000000740000000, 0x000000074bc80000, 0x0000000795580000)
  object space 193024K, 67% used [0x0000000740000000,0x0000000747fd9db0,0x000000074bc80000)
 Metaspace       used 13538K, capacity 13892K, committed 14208K, reserved 1062912K
  class space    used 1468K, capacity 1568K, committed 1664K, reserved 1048576K
Event: 125.570 GC heap after
Heap after GC invocations=14 (full 3):
 PSYoungGen      total 422400K, used 73109K [0x0000000795580000, 0x00000007ba100000, 0x00000007c0000000)
  eden space 304640K, 0% used [0x0000000795580000,0x0000000795580000,0x00000007a7f00000)
  from space 117760K, 62% used [0x00000007a7f00000,0x00000007ac665578,0x00000007af200000)
  to   space 121344K, 0% used [0x00000007b2a80000,0x00000007b2a80000,0x00000007ba100000)
 ParOldGen       total 193024K, used 130919K [0x0000000740000000, 0x000000074bc80000, 0x0000000795580000)
  object space 193024K, 67% used [0x0000000740000000,0x0000000747fd9db0,0x000000074bc80000)
 Metaspace       used 13538K, capacity 13892K, committed 14208K, reserved 1062912K
  class space    used 1468K, capacity 1568K, committed 1664K, reserved 1048576K
}
Event: 153.171 GC heap before
{Heap before GC invocations=15 (full 3):
 PSYoungGen      total 422400K, used 377749K [0x0000000795580000, 0x00000007ba100000, 0x00000007c0000000)
  eden space 304640K, 100% used [0x0000000795580000,0x00000007a7f00000,0x00000007a7f00000)
  from space 117760K, 62% used [0x00000007a7f00000,0x00000007ac665578,0x00000007af200000)
  to   space 121344K, 0% used [0x00000007b2a80000,0x00000007b2a80000,0x00000007ba100000)
 ParOldGen       total 193024K, used 130919K [0x0000000740000000, 0x000000074bc80000, 0x0000000795580000)
  object space 193024K, 67% used [0x0000000740000000,0x0000000747fd9db0,0x000000074bc80000)
 Metaspace       used 13538K, capacity 13892K, committed 14208K, reserved 1062912K
  class space    used 1468K, capacity 1568K, committed 1664K, reserved 1048576K
Event: 153.195 GC heap after
Heap after GC invocations=15 (full 3):
 PSYoungGen      total 470016K, used 76382K [0x0000000795580000, 0x00000007ba000000, 0x00000007c0000000)
  eden space 349696K, 0% used [0x0000000795580000,0x0000000795580000,0x00000007aab00000)
  from space 120320K, 63% used [0x00000007b2a80000,0x00000007b7517ae8,0x00000007ba000000)
  to   space 125440K, 0% used [0x00000007aab00000,0x00000007aab00000,0x00000007b2580000)
 ParOldGen       total 193024K, used 130919K [0x0000000740000000, 0x000000074bc80000, 0x0000000795580000)
  object space 193024K, 67% used [0x0000000740000000,0x0000000747fd9db0,0x000000074bc80000)
 Metaspace       used 13538K, capacity 13892K, committed 14208K, reserved 1062912K
  class space    used 1468K, capacity 1568K, committed 1664K, reserved 1048576K
}
Event: 184.937 GC heap before
{Heap before GC invocations=16 (full 3):
 PSYoungGen      total 470016K, used 426078K [0x0000000795580000, 0x00000007ba000000, 0x00000007c0000000)
  eden space 349696K, 100% used [0x0000000795580000,0x00000007aab00000,0x00000007aab00000)
  from space 120320K, 63% used [0x00000007b2a80000,0x00000007b7517ae8,0x00000007ba000000)
  to   space 125440K, 0% used [0x00000007aab00000,0x00000007aab00000,0x00000007b2580000)
 ParOldGen       total 193024K, used 130919K [0x0000000740000000, 0x000000074bc80000, 0x0000000795580000)
  object space 193024K, 67% used [0x0000000740000000,0x0000000747fd9db0,0x000000074bc80000)
 Metaspace       used 13538K, capacity 13892K, committed 14208K, reserved 1062912K
  class space    used 1468K, capacity 1568K, committed 1664K, reserved 1048576K
Event: 185.008 GC heap after
Heap after GC invocations=16 (full 3):
 PSYoungGen      total 401920K, used 67025K [0x0000000795580000, 0x00000007b8f80000, 0x00000007c0000000)
  eden space 334848K, 0% used [0x0000000795580000,0x0000000795580000,0x00000007a9c80000)
  from space 67072K, 99% used [0x00000007aab00000,0x00000007aec74478,0x00000007aec80000)
  to   space 124416K, 0% used [0x00000007b1600000,0x00000007b1600000,0x00000007b8f80000)
 ParOldGen       total 193024K, used 130919K [0x0000000740000000, 0x000000074bc80000, 0x0000000795580000)
  object space 193024K, 67% used [0x0000000740000000,0x0000000747fd9db0,0x000000074bc80000)
 Metaspace       used 13538K, capacity 13892K, committed 14208K, reserved 1062912K
  class space    used 1468K, capacity 1568K, committed 1664K, reserved 1048576K
}

