# JRE version: Java(TM) SE Runtime Environment (8.0_281-b09) (build 1.8.0_281-b09)
# Java VM: Java HotSpot(TM) 64-Bit Server VM (25.281-b09 mixed mode bsd-amd64 compressed oops)
Heap:
 PSYoungGen      total 405504K, used 66235K [0x0000000795580000, 0x00000007bf600000, 0x00000007c0000000)
  eden space 279552K, 23% used [0x0000000795580000,0x000000079962eda0,0x00000007a6680000)
  from space 125952K, 0% used [0x00000007a6680000,0x00000007a6680000,0x00000007ae180000)
  to   space 137728K, 0% used [0x00000007b6f80000,0x00000007b6f80000,0x00000007bf600000)
 ParOldGen       total 465920K, used 325900K [0x0000000740000000, 0x000000075c700000, 0x0000000795580000)
  object space 465920K, 69% used [0x0000000740000000,0x0000000753e43260,0x000000075c700000)
 Metaspace       used 14515K, capacity 14864K, committed 15104K, reserved 1062912K
  class space    used 1555K, capacity 1670K, committed 1792K, reserved 1048576K
GC Heap History (10 events):
Event: 3.913 GC heap before
{Heap before GC invocations=11 (full 2):
 PSYoungGen      total 273920K, used 211277K [0x0000000795580000, 0x00000007adb00000, 0x00000007c0000000)
  eden space 198656K, 98% used [0x0000000795580000,0x00000007a154a1d0,0x00000007a1780000)
  from space 75264K, 19% used [0x00000007a7000000,0x00000007a7e894e8,0x00000007ab980000)
  to   space 90624K, 0% used [0x00000007a1780000,0x00000007a1780000,0x00000007a7000000)
 ParOldGen       total 220672K, used 118517K [0x0000000740000000, 0x000000074d780000, 0x0000000795580000)
  object space 220672K, 53% used [0x0000000740000000,0x00000007473bd500,0x000000074d780000)
 Metaspace       used 12631K, capacity 12940K, committed 13056K, reserved 1060864K
  class space    used 1431K, capacity 1532K, committed 1536K, reserved 1048576K
Event: 3.943 GC heap after
Heap after GC invocations=11 (full 2):
 PSYoungGen      total 289280K, used 89464K [0x0000000795580000, 0x00000007b4a80000, 0x00000007c0000000)
  eden space 198656K, 0% used [0x0000000795580000,0x0000000795580000,0x00000007a1780000)
  from space 90624K, 98% used [0x00000007a1780000,0x00000007a6ede300,0x00000007a7000000)
  to   space 107520K, 0% used [0x00000007ae180000,0x00000007ae180000,0x00000007b4a80000)
 ParOldGen       total 220672K, used 140202K [0x0000000740000000, 0x000000074d780000, 0x0000000795580000)
  object space 220672K, 63% used [0x0000000740000000,0x00000007488eab00,0x000000074d780000)
 Metaspace       used 12631K, capacity 12940K, committed 13056K, reserved 1060864K
  class space    used 1431K, capacity 1532K, committed 1536K, reserved 1048576K
}
Event: 72.534 GC heap before
{Heap before GC invocations=12 (full 2):
 PSYoungGen      total 289280K, used 288120K [0x0000000795580000, 0x00000007b4a80000, 0x00000007c0000000)
  eden space 198656K, 100% used [0x0000000795580000,0x00000007a1780000,0x00000007a1780000)
  from space 90624K, 98% used [0x00000007a1780000,0x00000007a6ede300,0x00000007a7000000)
  to   space 107520K, 0% used [0x00000007ae180000,0x00000007ae180000,0x00000007b4a80000)
 ParOldGen       total 220672K, used 140207K [0x0000000740000000, 0x000000074d780000, 0x0000000795580000)
  object space 220672K, 63% used [0x0000000740000000,0x00000007488ebfc0,0x000000074d780000)
 Metaspace       used 13926K, capacity 14206K, committed 14464K, reserved 1062912K
  class space    used 1514K, capacity 1603K, committed 1664K, reserved 1048576K
Event: 72.607 GC heap after
Heap after GC invocations=12 (full 2):
 PSYoungGen      total 387072K, used 106583K [0x0000000795580000, 0x00000007b6980000, 0x00000007c0000000)
  eden space 279552K, 0% used [0x0000000795580000,0x0000000795580000,0x00000007a6680000)
  from space 107520K, 99% used [0x00000007ae180000,0x00000007b4995f20,0x00000007b4a80000)
  to   space 125952K, 0% used [0x00000007a6680000,0x00000007a6680000,0x00000007ae180000)
 ParOldGen       total 240128K, used 236410K [0x0000000740000000, 0x000000074ea80000, 0x0000000795580000)
  object space 240128K, 98% used [0x0000000740000000,0x000000074e6de9d0,0x000000074ea80000)
 Metaspace       used 13926K, capacity 14206K, committed 14464K, reserved 1062912K
  class space    used 1514K, capacity 1603K, committed 1664K, reserved 1048576K
}
Event: 72.607 GC heap before
{Heap before GC invocations=13 (full 3):
 PSYoungGen      total 387072K, used 106583K [0x0000000795580000, 0x00000007b6980000, 0x00000007c0000000)
  eden space 279552K, 0% used [0x0000000795580000,0x0000000795580000,0x00000007a6680000)
  from space 107520K, 99% used [0x00000007ae180000,0x00000007b4995f20,0x00000007b4a80000)
  to   space 125952K, 0% used [0x00000007a6680000,0x00000007a6680000,0x00000007ae180000)
 ParOldGen       total 240128K, used 236410K [0x0000000740000000, 0x000000074ea80000, 0x0000000795580000)
  object space 240128K, 98% used [0x0000000740000000,0x000000074e6de9d0,0x000000074ea80000)
 Metaspace       used 13926K, capacity 14206K, committed 14464K, reserved 1062912K
  class space    used 1514K, capacity 1603K, committed 1664K, reserved 1048576K
Event: 72.765 GC heap after
Heap after GC invocations=13 (full 3):
 PSYoungGen      total 387072K, used 34720K [0x0000000795580000, 0x00000007b6980000, 0x00000007c0000000)
  eden space 279552K, 0% used [0x0000000795580000,0x0000000795580000,0x00000007a6680000)
  from space 107520K, 32% used [0x00000007ae180000,0x00000007b03682c8,0x00000007b4a80000)
  to   space 125952K, 0% used [0x00000007a6680000,0x00000007a6680000,0x00000007ae180000)
 ParOldGen       total 367104K, used 239256K [0x0000000740000000, 0x0000000756680000, 0x0000000795580000)
  object space 367104K, 65% used [0x0000000740000000,0x000000074e9a61e0,0x0000000756680000)
 Metaspace       used 13926K, capacity 14206K, committed 14464K, reserved 1062912K
  class space    used 1514K, capacity 1603K, committed 1664K, reserved 1048576K
}
Event: 249.316 GC heap before
{Heap before GC invocations=14 (full 3):
 PSYoungGen      total 387072K, used 314272K [0x0000000795580000, 0x00000007b6980000, 0x00000007c0000000)
  eden space 279552K, 100% used [0x0000000795580000,0x00000007a6680000,0x00000007a6680000)
  from space 107520K, 32% used [0x00000007ae180000,0x00000007b03682c8,0x00000007b4a80000)
  to   space 125952K, 0% used [0x00000007a6680000,0x00000007a6680000,0x00000007ae180000)
 ParOldGen       total 367104K, used 239260K [0x0000000740000000, 0x0000000756680000, 0x0000000795580000)
  object space 367104K, 65% used [0x0000000740000000,0x000000074e9a7058,0x0000000756680000)
 Metaspace       used 14475K, capacity 14794K, committed 15104K, reserved 1062912K
  class space    used 1554K, capacity 1669K, committed 1792K, reserved 1048576K
Event: 249.428 GC heap after
Heap after GC invocations=14 (full 3):
 PSYoungGen      total 405504K, used 99919K [0x0000000795580000, 0x00000007bf600000, 0x00000007c0000000)
  eden space 279552K, 0% used [0x0000000795580000,0x0000000795580000,0x00000007a6680000)
  from space 125952K, 79% used [0x00000007a6680000,0x00000007ac813c48,0x00000007ae180000)
  to   space 137728K, 0% used [0x00000007b6f80000,0x00000007b6f80000,0x00000007bf600000)
 ParOldGen       total 367104K, used 300966K [0x0000000740000000, 0x0000000756680000, 0x0000000795580000)
  object space 367104K, 81% used [0x0000000740000000,0x00000007525e9800,0x0000000756680000)
 Metaspace       used 14475K, capacity 14794K, committed 15104K, reserved 1062912K
  class space    used 1554K, capacity 1669K, committed 1792K, reserved 1048576K
}
Event: 249.428 GC heap before
{Heap before GC invocations=15 (full 4):
 PSYoungGen      total 405504K, used 99919K [0x0000000795580000, 0x00000007bf600000, 0x00000007c0000000)
  eden space 279552K, 0% used [0x0000000795580000,0x0000000795580000,0x00000007a6680000)
  from space 125952K, 79% used [0x00000007a6680000,0x00000007ac813c48,0x00000007ae180000)
  to   space 137728K, 0% used [0x00000007b6f80000,0x00000007b6f80000,0x00000007bf600000)
 ParOldGen       total 367104K, used 300966K [0x0000000740000000, 0x0000000756680000, 0x0000000795580000)
  object space 367104K, 81% used [0x0000000740000000,0x00000007525e9800,0x0000000756680000)
 Metaspace       used 14475K, capacity 14794K, committed 15104K, reserved 1062912K
  class space    used 1554K, capacity 1669K, committed 1792K, reserved 1048576K
Event: 249.563 GC heap after
Heap after GC invocations=15 (full 4):
 PSYoungGen      total 405504K, used 0K [0x0000000795580000, 0x00000007bf600000, 0x00000007c0000000)
  eden space 279552K, 0% used [0x0000000795580000,0x0000000795580000,0x00000007a6680000)
  from space 125952K, 0% used [0x00000007a6680000,0x00000007a6680000,0x00000007ae180000)
  to   space 137728K, 0% used [0x00000007b6f80000,0x00000007b6f80000,0x00000007bf600000)
 ParOldGen       total 465920K, used 325900K [0x0000000740000000, 0x000000075c700000, 0x0000000795580000)
  object space 465920K, 69% used [0x0000000740000000,0x0000000753e43260,0x000000075c700000)
 Metaspace       used 14475K, capacity 14794K, committed 15104K, reserved 1062912K
  class space    used 1554K, capacity 1669K, committed 1792K, reserved 1048576K
}

