# JRE version: Java(TM) SE Runtime Environment (8.0_281-b09) (build 1.8.0_281-b09)
# Java VM: Java HotSpot(TM) 64-Bit Server VM (25.281-b09 mixed mode bsd-amd64 compressed oops)
Heap:
 PSYoungGen      total 497664K, used 253116K [0x0000000795580000, 0x00000007c0000000, 0x00000007c0000000)
  eden space 361984K, 32% used [0x0000000795580000,0x000000079c94cd60,0x00000007ab700000)
  from space 135680K, 99% used [0x00000007ab700000,0x00000007b3a62648,0x00000007b3b80000)
  to   space 161792K, 0% used [0x00000007b6200000,0x00000007b6200000,0x00000007c0000000)
 ParOldGen       total 410112K, used 287860K [0x0000000740000000, 0x0000000759080000, 0x0000000795580000)
  object space 410112K, 70% used [0x0000000740000000,0x000000075191d3e8,0x0000000759080000)
 Metaspace       used 14523K, capacity 14866K, committed 15104K, reserved 1062912K
  class space    used 1540K, capacity 1669K, committed 1792K, reserved 1048576K
GC Heap History (10 events):
Event: 3.667 GC heap before
{Heap before GC invocations=9 (full 2):
 PSYoungGen      total 281088K, used 252375K [0x0000000795580000, 0x00000007aa800000, 0x00000007c0000000)
  eden space 218624K, 100% used [0x0000000795580000,0x00000007a2b00000,0x00000007a2b00000)
  from space 62464K, 54% used [0x00000007a6980000,0x00000007a8a75f00,0x00000007aa680000)
  to   space 64000K, 0% used [0x00000007a2b00000,0x00000007a2b00000,0x00000007a6980000)
 ParOldGen       total 150528K, used 90138K [0x0000000740000000, 0x0000000749300000, 0x0000000795580000)
  object space 150528K, 59% used [0x0000000740000000,0x0000000745806a68,0x0000000749300000)
 Metaspace       used 12582K, capacity 12876K, committed 13056K, reserved 1060864K
  class space    used 1433K, capacity 1532K, committed 1536K, reserved 1048576K
Event: 3.727 GC heap after
Heap after GC invocations=9 (full 2):
 PSYoungGen      total 282624K, used 63977K [0x0000000795580000, 0x00000007ba900000, 0x00000007c0000000)
  eden space 218624K, 0% used [0x0000000795580000,0x0000000795580000,0x00000007a2b00000)
  from space 64000K, 99% used [0x00000007a2b00000,0x00000007a697a4a0,0x00000007a6980000)
  to   space 112128K, 0% used [0x00000007b3b80000,0x00000007b3b80000,0x00000007ba900000)
 ParOldGen       total 157696K, used 155733K [0x0000000740000000, 0x0000000749a00000, 0x0000000795580000)
  object space 157696K, 98% used [0x0000000740000000,0x0000000749815480,0x0000000749a00000)
 Metaspace       used 12582K, capacity 12876K, committed 13056K, reserved 1060864K
  class space    used 1433K, capacity 1532K, committed 1536K, reserved 1048576K
}
Event: 3.727 GC heap before
{Heap before GC invocations=10 (full 3):
 PSYoungGen      total 282624K, used 63977K [0x0000000795580000, 0x00000007ba900000, 0x00000007c0000000)
  eden space 218624K, 0% used [0x0000000795580000,0x0000000795580000,0x00000007a2b00000)
  from space 64000K, 99% used [0x00000007a2b00000,0x00000007a697a4a0,0x00000007a6980000)
  to   space 112128K, 0% used [0x00000007b3b80000,0x00000007b3b80000,0x00000007ba900000)
 ParOldGen       total 157696K, used 155733K [0x0000000740000000, 0x0000000749a00000, 0x0000000795580000)
  object space 157696K, 98% used [0x0000000740000000,0x0000000749815480,0x0000000749a00000)
 Metaspace       used 12582K, capacity 12876K, committed 13056K, reserved 1060864K
  class space    used 1433K, capacity 1532K, committed 1536K, reserved 1048576K
Event: 3.776 GC heap after
Heap after GC invocations=10 (full 3):
 PSYoungGen      total 282624K, used 38631K [0x0000000795580000, 0x00000007ba900000, 0x00000007c0000000)
  eden space 218624K, 0% used [0x0000000795580000,0x0000000795580000,0x00000007a2b00000)
  from space 64000K, 60% used [0x00000007a2b00000,0x00000007a50b9d28,0x00000007a6980000)
  to   space 112128K, 0% used [0x00000007b3b80000,0x00000007b3b80000,0x00000007ba900000)
 ParOldGen       total 266752K, used 151427K [0x0000000740000000, 0x0000000750480000, 0x0000000795580000)
  object space 266752K, 56% used [0x0000000740000000,0x00000007493e0ce0,0x0000000750480000)
 Metaspace       used 12582K, capacity 12876K, committed 13056K, reserved 1060864K
  class space    used 1433K, capacity 1532K, committed 1536K, reserved 1048576K
}
Event: 66.141 GC heap before
{Heap before GC invocations=11 (full 3):
 PSYoungGen      total 282624K, used 257255K [0x0000000795580000, 0x00000007ba900000, 0x00000007c0000000)
  eden space 218624K, 100% used [0x0000000795580000,0x00000007a2b00000,0x00000007a2b00000)
  from space 64000K, 60% used [0x00000007a2b00000,0x00000007a50b9d28,0x00000007a6980000)
  to   space 112128K, 0% used [0x00000007b3b80000,0x00000007b3b80000,0x00000007ba900000)
 ParOldGen       total 266752K, used 151427K [0x0000000740000000, 0x0000000750480000, 0x0000000795580000)
  object space 266752K, 56% used [0x0000000740000000,0x00000007493e0ce0,0x0000000750480000)
 Metaspace       used 14264K, capacity 14668K, committed 15104K, reserved 1062912K
  class space    used 1539K, capacity 1668K, committed 1792K, reserved 1048576K
Event: 66.365 GC heap after
Heap after GC invocations=11 (full 3):
 PSYoungGen      total 474112K, used 111296K [0x0000000795580000, 0x00000007bc380000, 0x00000007c0000000)
  eden space 361984K, 0% used [0x0000000795580000,0x0000000795580000,0x00000007ab700000)
  from space 112128K, 99% used [0x00000007b3b80000,0x00000007ba8302e0,0x00000007ba900000)
  to   space 135680K, 0% used [0x00000007ab700000,0x00000007ab700000,0x00000007b3b80000)
 ParOldGen       total 266752K, used 256981K [0x0000000740000000, 0x0000000750480000, 0x0000000795580000)
  object space 266752K, 96% used [0x0000000740000000,0x000000074faf5618,0x0000000750480000)
 Metaspace       used 14264K, capacity 14668K, committed 15104K, reserved 1062912K
  class space    used 1539K, capacity 1668K, committed 1792K, reserved 1048576K
}
Event: 66.365 GC heap before
{Heap before GC invocations=12 (full 4):
 PSYoungGen      total 474112K, used 111296K [0x0000000795580000, 0x00000007bc380000, 0x00000007c0000000)
  eden space 361984K, 0% used [0x0000000795580000,0x0000000795580000,0x00000007ab700000)
  from space 112128K, 99% used [0x00000007b3b80000,0x00000007ba8302e0,0x00000007ba900000)
  to   space 135680K, 0% used [0x00000007ab700000,0x00000007ab700000,0x00000007b3b80000)
 ParOldGen       total 266752K, used 256981K [0x0000000740000000, 0x0000000750480000, 0x0000000795580000)
  object space 266752K, 96% used [0x0000000740000000,0x000000074faf5618,0x0000000750480000)
 Metaspace       used 14264K, capacity 14668K, committed 15104K, reserved 1062912K
  class space    used 1539K, capacity 1668K, committed 1792K, reserved 1048576K
Event: 66.511 GC heap after
Heap after GC invocations=12 (full 4):
 PSYoungGen      total 474112K, used 15922K [0x0000000795580000, 0x00000007bc380000, 0x00000007c0000000)
  eden space 361984K, 0% used [0x0000000795580000,0x0000000795580000,0x00000007ab700000)
  from space 112128K, 14% used [0x00000007b3b80000,0x00000007b4b0c818,0x00000007ba900000)
  to   space 135680K, 0% used [0x00000007ab700000,0x00000007ab700000,0x00000007b3b80000)
 ParOldGen       total 410112K, used 257652K [0x0000000740000000, 0x0000000759080000, 0x0000000795580000)
  object space 410112K, 62% used [0x0000000740000000,0x000000074fb9d3d0,0x0000000759080000)
 Metaspace       used 14264K, capacity 14668K, committed 15104K, reserved 1062912K
  class space    used 1539K, capacity 1668K, committed 1792K, reserved 1048576K
}
Event: 351.346 GC heap before
{Heap before GC invocations=13 (full 4):
 PSYoungGen      total 474112K, used 377906K [0x0000000795580000, 0x00000007bc380000, 0x00000007c0000000)
  eden space 361984K, 100% used [0x0000000795580000,0x00000007ab700000,0x00000007ab700000)
  from space 112128K, 14% used [0x00000007b3b80000,0x00000007b4b0c818,0x00000007ba900000)
  to   space 135680K, 0% used [0x00000007ab700000,0x00000007ab700000,0x00000007b3b80000)
 ParOldGen       total 410112K, used 257652K [0x0000000740000000, 0x0000000759080000, 0x0000000795580000)
  object space 410112K, 62% used [0x0000000740000000,0x000000074fb9d3d0,0x0000000759080000)
 Metaspace       used 14519K, capacity 14866K, committed 15104K, reserved 1062912K
  class space    used 1540K, capacity 1669K, committed 1792K, reserved 1048576K
Event: 351.447 GC heap after
Heap after GC invocations=13 (full 4):
 PSYoungGen      total 497664K, used 134537K [0x0000000795580000, 0x00000007c0000000, 0x00000007c0000000)
  eden space 361984K, 0% used [0x0000000795580000,0x0000000795580000,0x00000007ab700000)
  from space 135680K, 99% used [0x00000007ab700000,0x00000007b3a62648,0x00000007b3b80000)
  to   space 161792K, 0% used [0x00000007b6200000,0x00000007b6200000,0x00000007c0000000)
 ParOldGen       total 410112K, used 287860K [0x0000000740000000, 0x0000000759080000, 0x0000000795580000)
  object space 410112K, 70% used [0x0000000740000000,0x000000075191d3e8,0x0000000759080000)
 Metaspace       used 14519K, capacity 14866K, committed 15104K, reserved 1062912K
  class space    used 1540K, capacity 1669K, committed 1792K, reserved 1048576K
}

