# JRE version: Java(TM) SE Runtime Environment (8.0_281-b09) (build 1.8.0_281-b09)
# Java VM: Java HotSpot(TM) 64-Bit Server VM (25.281-b09 mixed mode bsd-amd64 compressed oops)
Heap:
 PSYoungGen      total 523264K, used 26480K [0x0000000795580000, 0x00000007bf580000, 0x00000007c0000000)
  eden space 373760K, 7% used [0x0000000795580000,0x0000000796f5c250,0x00000007ac280000)
  from space 149504K, 0% used [0x00000007b6380000,0x00000007b6380000,0x00000007bf580000)
  to   space 157184K, 0% used [0x00000007ac280000,0x00000007ac280000,0x00000007b5c00000)
 ParOldGen       total 458752K, used 305941K [0x0000000740000000, 0x000000075c000000, 0x0000000795580000)
  object space 458752K, 66% used [0x0000000740000000,0x0000000752ac57a0,0x000000075c000000)
 Metaspace       used 14617K, capacity 14952K, committed 15360K, reserved 1062912K
  class space    used 1557K, capacity 1672K, committed 1792K, reserved 1048576K
GC Heap History (10 events):
Event: 33.346 GC heap before
{Heap before GC invocations=11 (full 3):
 PSYoungGen      total 264192K, used 263331K [0x0000000795580000, 0x00000007b3900000, 0x00000007c0000000)
  eden space 200704K, 100% used [0x0000000795580000,0x00000007a1980000,0x00000007a1980000)
  from space 63488K, 98% used [0x00000007a1980000,0x00000007a56a8c60,0x00000007a5780000)
  to   space 78336K, 0% used [0x00000007aec80000,0x00000007aec80000,0x00000007b3900000)
 ParOldGen       total 198144K, used 115962K [0x0000000740000000, 0x000000074c180000, 0x0000000795580000)
  object space 198144K, 58% used [0x0000000740000000,0x000000074713e9f0,0x000000074c180000)
 Metaspace       used 14250K, capacity 14630K, committed 14720K, reserved 1062912K
  class space    used 1534K, capacity 1635K, committed 1664K, reserved 1048576K
Event: 33.467 GC heap after
Heap after GC invocations=11 (full 3):
 PSYoungGen      total 358912K, used 78326K [0x0000000795580000, 0x00000007b9e80000, 0x00000007c0000000)
  eden space 280576K, 0% used [0x0000000795580000,0x0000000795580000,0x00000007a6780000)
  from space 78336K, 99% used [0x00000007aec80000,0x00000007b38fd868,0x00000007b3900000)
  to   space 136192K, 0% used [0x00000007a6780000,0x00000007a6780000,0x00000007aec80000)
 ParOldGen       total 215040K, used 210799K [0x0000000740000000, 0x000000074d200000, 0x0000000795580000)
  object space 215040K, 98% used [0x0000000740000000,0x000000074cddbe08,0x000000074d200000)
 Metaspace       used 14250K, capacity 14630K, committed 14720K, reserved 1062912K
  class space    used 1534K, capacity 1635K, committed 1664K, reserved 1048576K
}
Event: 33.467 GC heap before
{Heap before GC invocations=12 (full 4):
 PSYoungGen      total 358912K, used 78326K [0x0000000795580000, 0x00000007b9e80000, 0x00000007c0000000)
  eden space 280576K, 0% used [0x0000000795580000,0x0000000795580000,0x00000007a6780000)
  from space 78336K, 99% used [0x00000007aec80000,0x00000007b38fd868,0x00000007b3900000)
  to   space 136192K, 0% used [0x00000007a6780000,0x00000007a6780000,0x00000007aec80000)
 ParOldGen       total 215040K, used 210799K [0x0000000740000000, 0x000000074d200000, 0x0000000795580000)
  object space 215040K, 98% used [0x0000000740000000,0x000000074cddbe08,0x000000074d200000)
 Metaspace       used 14250K, capacity 14630K, committed 14720K, reserved 1062912K
  class space    used 1534K, capacity 1635K, committed 1664K, reserved 1048576K
Event: 33.545 GC heap after
Heap after GC invocations=12 (full 4):
 PSYoungGen      total 358912K, used 56142K [0x0000000795580000, 0x00000007b9e80000, 0x00000007c0000000)
  eden space 280576K, 0% used [0x0000000795580000,0x0000000795580000,0x00000007a6780000)
  from space 78336K, 71% used [0x00000007aec80000,0x00000007b2353be8,0x00000007b3900000)
  to   space 136192K, 0% used [0x00000007a6780000,0x00000007a6780000,0x00000007aec80000)
 ParOldGen       total 359424K, used 213598K [0x0000000740000000, 0x0000000755f00000, 0x0000000795580000)
  object space 359424K, 59% used [0x0000000740000000,0x000000074d097ad8,0x0000000755f00000)
 Metaspace       used 14250K, capacity 14630K, committed 14720K, reserved 1062912K
  class space    used 1534K, capacity 1635K, committed 1664K, reserved 1048576K
}
Event: 207.652 GC heap before
{Heap before GC invocations=13 (full 4):
 PSYoungGen      total 358912K, used 336718K [0x0000000795580000, 0x00000007b9e80000, 0x00000007c0000000)
  eden space 280576K, 100% used [0x0000000795580000,0x00000007a6780000,0x00000007a6780000)
  from space 78336K, 71% used [0x00000007aec80000,0x00000007b2353be8,0x00000007b3900000)
  to   space 136192K, 0% used [0x00000007a6780000,0x00000007a6780000,0x00000007aec80000)
 ParOldGen       total 359424K, used 213601K [0x0000000740000000, 0x0000000755f00000, 0x0000000795580000)
  object space 359424K, 59% used [0x0000000740000000,0x000000074d0985b8,0x0000000755f00000)
 Metaspace       used 14453K, capacity 14798K, committed 15104K, reserved 1062912K
  class space    used 1555K, capacity 1669K, committed 1792K, reserved 1048576K
Event: 207.809 GC heap after
Heap after GC invocations=13 (full 4):
 PSYoungGen      total 416768K, used 130047K [0x0000000795580000, 0x00000007c0000000, 0x00000007c0000000)
  eden space 280576K, 0% used [0x0000000795580000,0x0000000795580000,0x00000007a6780000)
  from space 136192K, 95% used [0x00000007a6780000,0x00000007ae67fde8,0x00000007aec80000)
  to   space 160256K, 0% used [0x00000007b6380000,0x00000007b6380000,0x00000007c0000000)
 ParOldGen       total 359424K, used 232629K [0x0000000740000000, 0x0000000755f00000, 0x0000000795580000)
  object space 359424K, 64% used [0x0000000740000000,0x000000074e32d738,0x0000000755f00000)
 Metaspace       used 14453K, capacity 14798K, committed 15104K, reserved 1062912K
  class space    used 1555K, capacity 1669K, committed 1792K, reserved 1048576K
}
Event: 418.667 GC heap before
{Heap before GC invocations=14 (full 4):
 PSYoungGen      total 416768K, used 410623K [0x0000000795580000, 0x00000007c0000000, 0x00000007c0000000)
  eden space 280576K, 100% used [0x0000000795580000,0x00000007a6780000,0x00000007a6780000)
  from space 136192K, 95% used [0x00000007a6780000,0x00000007ae67fde8,0x00000007aec80000)
  to   space 160256K, 0% used [0x00000007b6380000,0x00000007b6380000,0x00000007c0000000)
 ParOldGen       total 359424K, used 232629K [0x0000000740000000, 0x0000000755f00000, 0x0000000795580000)
  object space 359424K, 64% used [0x0000000740000000,0x000000074e32d738,0x0000000755f00000)
 Metaspace       used 14595K, capacity 14952K, committed 15360K, reserved 1062912K
  class space    used 1557K, capacity 1672K, committed 1792K, reserved 1048576K
Event: 418.728 GC heap after
Heap after GC invocations=14 (full 4):
 PSYoungGen      total 523264K, used 73820K [0x0000000795580000, 0x00000007bf580000, 0x00000007c0000000)
  eden space 373760K, 0% used [0x0000000795580000,0x0000000795580000,0x00000007ac280000)
  from space 149504K, 49% used [0x00000007b6380000,0x00000007bab972e8,0x00000007bf580000)
  to   space 157184K, 0% used [0x00000007ac280000,0x00000007ac280000,0x00000007b5c00000)
 ParOldGen       total 359424K, used 280599K [0x0000000740000000, 0x0000000755f00000, 0x0000000795580000)
  object space 359424K, 78% used [0x0000000740000000,0x0000000751205f28,0x0000000755f00000)
 Metaspace       used 14595K, capacity 14952K, committed 15360K, reserved 1062912K
  class space    used 1557K, capacity 1672K, committed 1792K, reserved 1048576K
}
Event: 418.728 GC heap before
{Heap before GC invocations=15 (full 5):
 PSYoungGen      total 523264K, used 73820K [0x0000000795580000, 0x00000007bf580000, 0x00000007c0000000)
  eden space 373760K, 0% used [0x0000000795580000,0x0000000795580000,0x00000007ac280000)
  from space 149504K, 49% used [0x00000007b6380000,0x00000007bab972e8,0x00000007bf580000)
  to   space 157184K, 0% used [0x00000007ac280000,0x00000007ac280000,0x00000007b5c00000)
 ParOldGen       total 359424K, used 280599K [0x0000000740000000, 0x0000000755f00000, 0x0000000795580000)
  object space 359424K, 78% used [0x0000000740000000,0x0000000751205f28,0x0000000755f00000)
 Metaspace       used 14595K, capacity 14952K, committed 15360K, reserved 1062912K
  class space    used 1557K, capacity 1672K, committed 1792K, reserved 1048576K
Event: 418.832 GC heap after
Heap after GC invocations=15 (full 5):
 PSYoungGen      total 523264K, used 0K [0x0000000795580000, 0x00000007bf580000, 0x00000007c0000000)
  eden space 373760K, 0% used [0x0000000795580000,0x0000000795580000,0x00000007ac280000)
  from space 149504K, 0% used [0x00000007b6380000,0x00000007b6380000,0x00000007bf580000)
  to   space 157184K, 0% used [0x00000007ac280000,0x00000007ac280000,0x00000007b5c00000)
 ParOldGen       total 458752K, used 305941K [0x0000000740000000, 0x000000075c000000, 0x0000000795580000)
  object space 458752K, 66% used [0x0000000740000000,0x0000000752ac57a0,0x000000075c000000)
 Metaspace       used 14595K, capacity 14952K, committed 15360K, reserved 1062912K
  class space    used 1557K, capacity 1672K, committed 1792K, reserved 1048576K
}

